2025-06-23 15:06:42,705 - INFO - 🚀 Starting Elasticsearch reindexing...
2025-06-23 15:06:42,705 - INFO - Elasticsearch client initialized with hosts: ['http://localhost:9200']
2025-06-23 15:06:42,706 - INFO - 🔍 Checking Elasticsearch health...
2025-06-23 15:06:42,708 - INFO - GET http://localhost:9200/_cluster/health [status:200 duration:0.002s]
2025-06-23 15:06:42,708 - INFO - ✅ Elasticsearch is healthy: {'status': 'green', 'number_of_nodes': 1, 'active_primary_shards': 26, 'active_shards': 26}
2025-06-23 15:06:42,708 - INFO - 📊 Fetching data from database...
2025-06-23 15:06:42,807 - INFO - 📈 Found 190 unique ads to reindex
2025-06-23 15:06:42,908 - INFO - 🔄 Transformed 190 ads for indexing
2025-06-23 15:06:42,909 - INFO - 🔄 Starting reindexing...
2025-06-23 15:06:42,911 - INFO - HEAD http://localhost:9200/real_estate_ads [status:200 duration:0.002s]
2025-06-23 15:06:42,991 - INFO - DELETE http://localhost:9200/real_estate_ads [status:200 duration:0.081s]
2025-06-23 15:06:42,992 - INFO - Old index real_estate_ads deleted
2025-06-23 15:06:42,994 - INFO - HEAD http://localhost:9200/real_estate_ads [status:404 duration:0.002s]
2025-06-23 15:06:43,288 - INFO - PUT http://localhost:9200/real_estate_ads [status:200 duration:0.293s]
2025-06-23 15:06:43,288 - INFO - Index real_estate_ads created successfully
2025-06-23 15:06:43,376 - INFO - PUT http://localhost:9200/real_estate_ads/_doc/1 [status:201 duration:0.086s]
2025-06-23 15:06:43,376 - INFO - Ad 1 indexed successfully
2025-06-23 15:06:43,400 - INFO - PUT http://localhost:9200/real_estate_ads/_doc/2 [status:201 duration:0.024s]
2025-06-23 15:06:43,400 - INFO - Ad 2 indexed successfully
2025-06-23 15:06:43,412 - INFO - PUT http://localhost:9200/real_estate_ads/_doc/3 [status:201 duration:0.011s]
2025-06-23 15:06:43,412 - INFO - Ad 3 indexed successfully
2025-06-23 15:06:43,424 - INFO - PUT http://localhost:9200/real_estate_ads/_doc/4 [status:201 duration:0.011s]
2025-06-23 15:06:43,424 - INFO - Ad 4 indexed successfully
2025-06-23 15:06:43,424 - ERROR - Error indexing ad 5: 'NoneType' object has no attribute 'get'
2025-06-23 15:06:43,435 - INFO - PUT http://localhost:9200/real_estate_ads/_doc/6 [status:201 duration:0.011s]
2025-06-23 15:06:43,436 - INFO - Ad 6 indexed successfully
2025-06-23 15:06:43,445 - INFO - PUT http://localhost:9200/real_estate_ads/_doc/7 [status:201 duration:0.009s]
2025-06-23 15:06:43,445 - INFO - Ad 7 indexed successfully
2025-06-23 15:06:43,454 - INFO - PUT http://localhost:9200/real_estate_ads/_doc/9 [status:201 duration:0.008s]
2025-06-23 15:06:43,454 - INFO - Ad 9 indexed successfully
2025-06-23 15:06:43,463 - INFO - PUT http://localhost:9200/real_estate_ads/_doc/8 [status:201 duration:0.008s]
2025-06-23 15:06:43,463 - INFO - Ad 8 indexed successfully
2025-06-23 15:06:43,463 - ERROR - Error indexing ad 11: 'NoneType' object has no attribute 'get'
2025-06-23 15:06:43,463 - ERROR - Error indexing ad 13: 'NoneType' object has no attribute 'get'
2025-06-23 15:06:43,463 - ERROR - Error indexing ad 15: 'NoneType' object has no attribute 'get'
2025-06-23 15:06:43,463 - ERROR - Error indexing ad 17: 'NoneType' object has no attribute 'get'
2025-06-23 15:06:43,463 - ERROR - Error indexing ad 30: 'NoneType' object has no attribute 'get'
2025-06-23 15:06:43,471 - INFO - PUT http://localhost:9200/real_estate_ads/_doc/10 [status:201 duration:0.008s]
2025-06-23 15:06:43,471 - INFO - Ad 10 indexed successfully
2025-06-23 15:06:43,471 - ERROR - Error indexing ad 12: 'NoneType' object has no attribute 'get'
2025-06-23 15:06:43,471 - ERROR - Error indexing ad 14: 'NoneType' object has no attribute 'get'
2025-06-23 15:06:43,472 - ERROR - Error indexing ad 16: 'NoneType' object has no attribute 'get'
2025-06-23 15:06:43,472 - ERROR - Error indexing ad 18: 'NoneType' object has no attribute 'get'
2025-06-23 15:06:43,472 - ERROR - Error indexing ad 33: 'NoneType' object has no attribute 'get'
2025-06-23 15:06:43,472 - ERROR - Error indexing ad 19: 'NoneType' object has no attribute 'get'
2025-06-23 15:06:43,472 - ERROR - Error indexing ad 21: 'NoneType' object has no attribute 'get'
2025-06-23 15:06:43,472 - ERROR - Error indexing ad 23: 'NoneType' object has no attribute 'get'
2025-06-23 15:06:43,472 - ERROR - Error indexing ad 25: 'NoneType' object has no attribute 'get'
2025-06-23 15:06:43,472 - ERROR - Error indexing ad 27: 'NoneType' object has no attribute 'get'
2025-06-23 15:06:43,472 - ERROR - Error indexing ad 29: 'NoneType' object has no attribute 'get'
2025-06-23 15:06:43,472 - ERROR - Error indexing ad 31: 'NoneType' object has no attribute 'get'
2025-06-23 15:06:43,472 - ERROR - Error indexing ad 20: 'NoneType' object has no attribute 'get'
2025-06-23 15:06:43,472 - ERROR - Error indexing ad 22: 'NoneType' object has no attribute 'get'
2025-06-23 15:06:43,472 - ERROR - Error indexing ad 24: 'NoneType' object has no attribute 'get'
2025-06-23 15:06:43,472 - ERROR - Error indexing ad 26: 'NoneType' object has no attribute 'get'
2025-06-23 15:06:43,472 - ERROR - Error indexing ad 28: 'NoneType' object has no attribute 'get'
2025-06-23 15:06:43,472 - ERROR - Error indexing ad 94: 'NoneType' object has no attribute 'get'
2025-06-23 15:06:43,472 - ERROR - Error indexing ad 32: 'NoneType' object has no attribute 'get'
2025-06-23 15:06:43,472 - ERROR - Error indexing ad 34: 'NoneType' object has no attribute 'get'
2025-06-23 15:06:43,472 - ERROR - Error indexing ad 36: 'NoneType' object has no attribute 'get'
2025-06-23 15:06:43,472 - ERROR - Error indexing ad 38: 'NoneType' object has no attribute 'get'
2025-06-23 15:06:43,472 - ERROR - Error indexing ad 40: 'NoneType' object has no attribute 'get'
2025-06-23 15:06:43,472 - ERROR - Error indexing ad 35: 'NoneType' object has no attribute 'get'
2025-06-23 15:06:43,472 - ERROR - Error indexing ad 37: 'NoneType' object has no attribute 'get'
2025-06-23 15:06:43,472 - ERROR - Error indexing ad 39: 'NoneType' object has no attribute 'get'
2025-06-23 15:06:43,472 - ERROR - Error indexing ad 41: 'NoneType' object has no attribute 'get'
2025-06-23 15:06:43,472 - ERROR - Error indexing ad 43: 'NoneType' object has no attribute 'get'
2025-06-23 15:06:43,473 - ERROR - Error indexing ad 45: 'NoneType' object has no attribute 'get'
2025-06-23 15:06:43,473 - ERROR - Error indexing ad 120: 'NoneType' object has no attribute 'get'
2025-06-23 15:06:43,473 - ERROR - Error indexing ad 42: 'NoneType' object has no attribute 'get'
2025-06-23 15:06:43,473 - ERROR - Error indexing ad 44: 'NoneType' object has no attribute 'get'
2025-06-23 15:06:43,473 - ERROR - Error indexing ad 46: 'NoneType' object has no attribute 'get'
2025-06-23 15:06:43,473 - ERROR - Error indexing ad 48: 'NoneType' object has no attribute 'get'
2025-06-23 15:06:43,473 - ERROR - Error indexing ad 50: 'NoneType' object has no attribute 'get'
2025-06-23 15:06:43,473 - ERROR - Error indexing ad 52: 'NoneType' object has no attribute 'get'
2025-06-23 15:06:43,473 - ERROR - Error indexing ad 47: 'NoneType' object has no attribute 'get'
2025-06-23 15:06:43,473 - ERROR - Error indexing ad 49: 'NoneType' object has no attribute 'get'
2025-06-23 15:06:43,473 - ERROR - Error indexing ad 51: 'NoneType' object has no attribute 'get'
2025-06-23 15:06:43,473 - ERROR - Error indexing ad 53: 'NoneType' object has no attribute 'get'
2025-06-23 15:06:43,473 - ERROR - Error indexing ad 54: 'NoneType' object has no attribute 'get'
2025-06-23 15:06:43,473 - ERROR - Error indexing ad 55: 'NoneType' object has no attribute 'get'
2025-06-23 15:06:43,473 - ERROR - Error indexing ad 77: 'NoneType' object has no attribute 'get'
2025-06-23 15:06:43,473 - ERROR - Error indexing ad 56: 'NoneType' object has no attribute 'get'
2025-06-23 15:06:43,473 - ERROR - Error indexing ad 58: 'NoneType' object has no attribute 'get'
2025-06-23 15:06:43,473 - ERROR - Error indexing ad 60: 'NoneType' object has no attribute 'get'
2025-06-23 15:06:43,473 - ERROR - Error indexing ad 62: 'NoneType' object has no attribute 'get'
2025-06-23 15:06:43,473 - ERROR - Error indexing ad 64: 'NoneType' object has no attribute 'get'
2025-06-23 15:06:43,473 - ERROR - Error indexing ad 66: 'NoneType' object has no attribute 'get'
2025-06-23 15:06:43,473 - ERROR - Error indexing ad 92: 'NoneType' object has no attribute 'get'
2025-06-23 15:06:43,473 - ERROR - Error indexing ad 57: 'NoneType' object has no attribute 'get'
2025-06-23 15:06:43,473 - ERROR - Error indexing ad 59: 'NoneType' object has no attribute 'get'
2025-06-23 15:06:43,473 - ERROR - Error indexing ad 61: 'NoneType' object has no attribute 'get'
2025-06-23 15:06:43,473 - ERROR - Error indexing ad 63: 'NoneType' object has no attribute 'get'
2025-06-23 15:06:43,474 - ERROR - Error indexing ad 65: 'NoneType' object has no attribute 'get'
2025-06-23 15:06:43,474 - ERROR - Error indexing ad 93: 'NoneType' object has no attribute 'get'
2025-06-23 15:06:43,474 - ERROR - Error indexing ad 67: 'NoneType' object has no attribute 'get'
2025-06-23 15:06:43,474 - ERROR - Error indexing ad 69: 'NoneType' object has no attribute 'get'
2025-06-23 15:06:43,474 - ERROR - Error indexing ad 71: 'NoneType' object has no attribute 'get'
2025-06-23 15:06:43,474 - ERROR - Error indexing ad 73: 'NoneType' object has no attribute 'get'
2025-06-23 15:06:43,474 - ERROR - Error indexing ad 75: 'NoneType' object has no attribute 'get'
2025-06-23 15:06:43,474 - ERROR - Error indexing ad 68: 'NoneType' object has no attribute 'get'
2025-06-23 15:06:43,474 - ERROR - Error indexing ad 70: 'NoneType' object has no attribute 'get'
2025-06-23 15:06:43,474 - ERROR - Error indexing ad 72: 'NoneType' object has no attribute 'get'
2025-06-23 15:06:43,474 - ERROR - Error indexing ad 74: 'NoneType' object has no attribute 'get'
2025-06-23 15:06:43,474 - ERROR - Error indexing ad 76: 'NoneType' object has no attribute 'get'
2025-06-23 15:06:43,474 - ERROR - Error indexing ad 78: 'NoneType' object has no attribute 'get'
2025-06-23 15:06:43,474 - ERROR - Error indexing ad 79: 'NoneType' object has no attribute 'get'
2025-06-23 15:06:43,474 - ERROR - Error indexing ad 81: 'NoneType' object has no attribute 'get'
2025-06-23 15:06:43,474 - ERROR - Error indexing ad 83: 'NoneType' object has no attribute 'get'
2025-06-23 15:06:43,474 - ERROR - Error indexing ad 85: 'NoneType' object has no attribute 'get'
2025-06-23 15:06:43,474 - ERROR - Error indexing ad 87: 'NoneType' object has no attribute 'get'
2025-06-23 15:06:43,474 - ERROR - Error indexing ad 89: 'NoneType' object has no attribute 'get'
2025-06-23 15:06:43,474 - ERROR - Error indexing ad 91: 'NoneType' object has no attribute 'get'
2025-06-23 15:06:43,474 - ERROR - Error indexing ad 80: 'NoneType' object has no attribute 'get'
2025-06-23 15:06:43,474 - ERROR - Error indexing ad 82: 'NoneType' object has no attribute 'get'
2025-06-23 15:06:43,474 - ERROR - Error indexing ad 84: 'NoneType' object has no attribute 'get'
2025-06-23 15:06:43,474 - ERROR - Error indexing ad 86: 'NoneType' object has no attribute 'get'
2025-06-23 15:06:43,474 - ERROR - Error indexing ad 88: 'NoneType' object has no attribute 'get'
2025-06-23 15:06:43,475 - ERROR - Error indexing ad 90: 'NoneType' object has no attribute 'get'
2025-06-23 15:06:43,475 - ERROR - Error indexing ad 95: 'NoneType' object has no attribute 'get'
2025-06-23 15:06:43,475 - ERROR - Error indexing ad 97: 'NoneType' object has no attribute 'get'
2025-06-23 15:06:43,475 - ERROR - Error indexing ad 99: 'NoneType' object has no attribute 'get'
2025-06-23 15:06:43,475 - ERROR - Error indexing ad 101: 'NoneType' object has no attribute 'get'
2025-06-23 15:06:43,475 - ERROR - Error indexing ad 103: 'NoneType' object has no attribute 'get'
2025-06-23 15:06:43,475 - ERROR - Error indexing ad 105: 'NoneType' object has no attribute 'get'
2025-06-23 15:06:43,475 - ERROR - Error indexing ad 96: 'NoneType' object has no attribute 'get'
2025-06-23 15:06:43,475 - ERROR - Error indexing ad 98: 'NoneType' object has no attribute 'get'
2025-06-23 15:06:43,475 - ERROR - Error indexing ad 100: 'NoneType' object has no attribute 'get'
2025-06-23 15:06:43,475 - ERROR - Error indexing ad 102: 'NoneType' object has no attribute 'get'
2025-06-23 15:06:43,475 - ERROR - Error indexing ad 104: 'NoneType' object has no attribute 'get'
2025-06-23 15:06:43,475 - ERROR - Error indexing ad 106: 'NoneType' object has no attribute 'get'
2025-06-23 15:06:43,475 - ERROR - Error indexing ad 107: 'NoneType' object has no attribute 'get'
2025-06-23 15:06:43,475 - ERROR - Error indexing ad 109: 'NoneType' object has no attribute 'get'
2025-06-23 15:06:43,475 - ERROR - Error indexing ad 111: 'NoneType' object has no attribute 'get'
2025-06-23 15:06:43,475 - ERROR - Error indexing ad 113: 'NoneType' object has no attribute 'get'
2025-06-23 15:06:43,475 - ERROR - Error indexing ad 115: 'NoneType' object has no attribute 'get'
2025-06-23 15:06:43,475 - ERROR - Error indexing ad 128: 'NoneType' object has no attribute 'get'
2025-06-23 15:06:43,475 - ERROR - Error indexing ad 108: 'NoneType' object has no attribute 'get'
2025-06-23 15:06:43,475 - ERROR - Error indexing ad 110: 'NoneType' object has no attribute 'get'
2025-06-23 15:06:43,475 - ERROR - Error indexing ad 112: 'NoneType' object has no attribute 'get'
2025-06-23 15:06:43,475 - ERROR - Error indexing ad 114: 'NoneType' object has no attribute 'get'
2025-06-23 15:06:43,475 - ERROR - Error indexing ad 116: 'NoneType' object has no attribute 'get'
2025-06-23 15:06:43,475 - ERROR - Error indexing ad 118: 'NoneType' object has no attribute 'get'
2025-06-23 15:06:43,475 - ERROR - Error indexing ad 117: 'NoneType' object has no attribute 'get'
2025-06-23 15:06:43,476 - ERROR - Error indexing ad 119: 'NoneType' object has no attribute 'get'
2025-06-23 15:06:43,476 - ERROR - Error indexing ad 121: 'NoneType' object has no attribute 'get'
2025-06-23 15:06:43,476 - ERROR - Error indexing ad 122: 'NoneType' object has no attribute 'get'
2025-06-23 15:06:43,476 - ERROR - Error indexing ad 123: 'NoneType' object has no attribute 'get'
2025-06-23 15:06:43,476 - ERROR - Error indexing ad 124: 'NoneType' object has no attribute 'get'
2025-06-23 15:06:43,476 - ERROR - Error indexing ad 125: 'NoneType' object has no attribute 'get'
2025-06-23 15:06:43,476 - ERROR - Error indexing ad 126: 'NoneType' object has no attribute 'get'
2025-06-23 15:06:43,476 - ERROR - Error indexing ad 127: 'NoneType' object has no attribute 'get'
2025-06-23 15:06:43,476 - ERROR - Error indexing ad 129: 'NoneType' object has no attribute 'get'
2025-06-23 15:06:43,476 - ERROR - Error indexing ad 131: 'NoneType' object has no attribute 'get'
2025-06-23 15:06:43,476 - ERROR - Error indexing ad 133: 'NoneType' object has no attribute 'get'
2025-06-23 15:06:43,476 - ERROR - Error indexing ad 135: 'NoneType' object has no attribute 'get'
2025-06-23 15:06:43,476 - ERROR - Error indexing ad 137: 'NoneType' object has no attribute 'get'
2025-06-23 15:06:43,476 - ERROR - Error indexing ad 139: 'NoneType' object has no attribute 'get'
2025-06-23 15:06:43,476 - ERROR - Error indexing ad 141: 'NoneType' object has no attribute 'get'
2025-06-23 15:06:43,476 - ERROR - Error indexing ad 130: 'NoneType' object has no attribute 'get'
2025-06-23 15:06:43,476 - ERROR - Error indexing ad 132: 'NoneType' object has no attribute 'get'
2025-06-23 15:06:43,476 - ERROR - Error indexing ad 134: 'NoneType' object has no attribute 'get'
2025-06-23 15:06:43,476 - ERROR - Error indexing ad 136: 'NoneType' object has no attribute 'get'
2025-06-23 15:06:43,476 - ERROR - Error indexing ad 138: 'NoneType' object has no attribute 'get'
2025-06-23 15:06:43,476 - ERROR - Error indexing ad 140: 'NoneType' object has no attribute 'get'
2025-06-23 15:06:43,476 - ERROR - Error indexing ad 150: 'NoneType' object has no attribute 'get'
2025-06-23 15:06:43,476 - ERROR - Error indexing ad 142: 'NoneType' object has no attribute 'get'
2025-06-23 15:06:43,477 - ERROR - Error indexing ad 144: 'NoneType' object has no attribute 'get'
2025-06-23 15:06:43,477 - ERROR - Error indexing ad 146: 'NoneType' object has no attribute 'get'
2025-06-23 15:06:43,477 - ERROR - Error indexing ad 148: 'NoneType' object has no attribute 'get'
2025-06-23 15:06:43,477 - ERROR - Error indexing ad 157: 'NoneType' object has no attribute 'get'
2025-06-23 15:06:43,477 - ERROR - Error indexing ad 143: 'NoneType' object has no attribute 'get'
2025-06-23 15:06:43,477 - ERROR - Error indexing ad 145: 'NoneType' object has no attribute 'get'
2025-06-23 15:06:43,477 - ERROR - Error indexing ad 147: 'NoneType' object has no attribute 'get'
2025-06-23 15:06:43,477 - ERROR - Error indexing ad 149: 'NoneType' object has no attribute 'get'
2025-06-23 15:06:43,477 - ERROR - Error indexing ad 151: 'NoneType' object has no attribute 'get'
2025-06-23 15:06:43,477 - ERROR - Error indexing ad 153: 'NoneType' object has no attribute 'get'
2025-06-23 15:06:43,477 - ERROR - Error indexing ad 155: 'NoneType' object has no attribute 'get'
2025-06-23 15:06:43,477 - ERROR - Error indexing ad 152: 'NoneType' object has no attribute 'get'
2025-06-23 15:06:43,477 - ERROR - Error indexing ad 154: 'NoneType' object has no attribute 'get'
2025-06-23 15:06:43,477 - ERROR - Error indexing ad 156: 'NoneType' object has no attribute 'get'
2025-06-23 15:06:43,477 - ERROR - Error indexing ad 158: 'NoneType' object has no attribute 'get'
2025-06-23 15:06:43,477 - ERROR - Error indexing ad 160: 'NoneType' object has no attribute 'get'
2025-06-23 15:06:43,477 - ERROR - Error indexing ad 162: 'NoneType' object has no attribute 'get'
2025-06-23 15:06:43,477 - ERROR - Error indexing ad 164: 'NoneType' object has no attribute 'get'
2025-06-23 15:06:43,477 - ERROR - Error indexing ad 171: 'NoneType' object has no attribute 'get'
2025-06-23 15:06:43,477 - ERROR - Error indexing ad 159: 'NoneType' object has no attribute 'get'
2025-06-23 15:06:43,477 - ERROR - Error indexing ad 161: 'NoneType' object has no attribute 'get'
2025-06-23 15:06:43,477 - ERROR - Error indexing ad 163: 'NoneType' object has no attribute 'get'
2025-06-23 15:06:43,477 - ERROR - Error indexing ad 165: 'NoneType' object has no attribute 'get'
2025-06-23 15:06:43,477 - ERROR - Error indexing ad 167: 'NoneType' object has no attribute 'get'
2025-06-23 15:06:43,477 - ERROR - Error indexing ad 169: 'NoneType' object has no attribute 'get'
2025-06-23 15:06:43,478 - ERROR - Error indexing ad 166: 'NoneType' object has no attribute 'get'
2025-06-23 15:06:43,478 - ERROR - Error indexing ad 168: 'NoneType' object has no attribute 'get'
2025-06-23 15:06:43,478 - ERROR - Error indexing ad 170: 'NoneType' object has no attribute 'get'
2025-06-23 15:06:43,478 - ERROR - Error indexing ad 172: 'NoneType' object has no attribute 'get'
2025-06-23 15:06:43,478 - ERROR - Error indexing ad 184: 'NoneType' object has no attribute 'get'
2025-06-23 15:06:43,478 - ERROR - Error indexing ad 173: 'NoneType' object has no attribute 'get'
2025-06-23 15:06:43,478 - ERROR - Error indexing ad 175: 'NoneType' object has no attribute 'get'
2025-06-23 15:06:43,478 - ERROR - Error indexing ad 177: 'NoneType' object has no attribute 'get'
2025-06-23 15:06:43,478 - ERROR - Error indexing ad 179: 'NoneType' object has no attribute 'get'
2025-06-23 15:06:43,478 - ERROR - Error indexing ad 181: 'NoneType' object has no attribute 'get'
2025-06-23 15:06:43,478 - ERROR - Error indexing ad 183: 'NoneType' object has no attribute 'get'
2025-06-23 15:06:43,478 - ERROR - Error indexing ad 174: 'NoneType' object has no attribute 'get'
2025-06-23 15:06:43,478 - ERROR - Error indexing ad 176: 'NoneType' object has no attribute 'get'
2025-06-23 15:06:43,478 - ERROR - Error indexing ad 178: 'NoneType' object has no attribute 'get'
2025-06-23 15:06:43,478 - ERROR - Error indexing ad 180: 'NoneType' object has no attribute 'get'
2025-06-23 15:06:43,478 - ERROR - Error indexing ad 182: 'NoneType' object has no attribute 'get'
2025-06-23 15:06:43,478 - ERROR - Error indexing ad 185: 'NoneType' object has no attribute 'get'
2025-06-23 15:06:43,478 - ERROR - Error indexing ad 187: 'NoneType' object has no attribute 'get'
2025-06-23 15:06:43,478 - ERROR - Error indexing ad 189: 'NoneType' object has no attribute 'get'
2025-06-23 15:06:43,478 - ERROR - Error indexing ad 186: 'NoneType' object has no attribute 'get'
2025-06-23 15:06:43,478 - ERROR - Error indexing ad 188: 'NoneType' object has no attribute 'get'
2025-06-23 15:06:43,478 - ERROR - Error indexing ad 190: 'NoneType' object has no attribute 'get'
2025-06-23 15:06:43,478 - INFO - Reindexed 9/190 ads successfully
2025-06-23 15:06:43,478 - ERROR - ❌ Some errors occurred during reindexing
2025-06-23 15:35:44,815 - INFO - 🚀 Starting Elasticsearch reindexing...
2025-06-23 15:35:44,815 - INFO - Elasticsearch client initialized with hosts: ['http://localhost:9200']
2025-06-23 15:35:44,815 - INFO - 🔍 Checking Elasticsearch health...
2025-06-23 15:35:44,817 - INFO - GET http://localhost:9200/_cluster/health [status:200 duration:0.002s]
2025-06-23 15:35:44,818 - INFO - ✅ Elasticsearch is healthy: {'status': 'green', 'number_of_nodes': 1, 'active_primary_shards': 26, 'active_shards': 26}
2025-06-23 15:35:44,818 - INFO - 📊 Fetching data from database...
2025-06-23 15:35:44,915 - INFO - 📈 Found 190 unique ads to reindex
2025-06-23 15:35:45,023 - INFO - 🔄 Transformed 190 ads for indexing
2025-06-23 15:35:45,023 - INFO - 🔄 Starting reindexing...
2025-06-23 15:35:45,024 - INFO - HEAD http://localhost:9200/real_estate_ads [status:200 duration:0.001s]
2025-06-23 15:35:45,091 - INFO - DELETE http://localhost:9200/real_estate_ads [status:200 duration:0.067s]
2025-06-23 15:35:45,092 - INFO - Old index real_estate_ads deleted
2025-06-23 15:35:45,093 - INFO - HEAD http://localhost:9200/real_estate_ads [status:404 duration:0.001s]
2025-06-23 15:35:45,339 - INFO - PUT http://localhost:9200/real_estate_ads [status:200 duration:0.246s]
2025-06-23 15:35:45,339 - INFO - Index real_estate_ads created successfully
2025-06-23 15:35:45,348 - INFO - PUT http://localhost:9200/real_estate_ads/_doc/1 [status:201 duration:0.009s]
2025-06-23 15:35:45,349 - INFO - Ad 1 indexed successfully
2025-06-23 15:35:45,358 - INFO - PUT http://localhost:9200/real_estate_ads/_doc/2 [status:201 duration:0.009s]
2025-06-23 15:35:45,358 - INFO - Ad 2 indexed successfully
2025-06-23 15:35:45,367 - INFO - PUT http://localhost:9200/real_estate_ads/_doc/3 [status:201 duration:0.008s]
2025-06-23 15:35:45,367 - INFO - Ad 3 indexed successfully
2025-06-23 15:35:45,375 - INFO - PUT http://localhost:9200/real_estate_ads/_doc/4 [status:201 duration:0.008s]
2025-06-23 15:35:45,375 - INFO - Ad 4 indexed successfully
2025-06-23 15:35:45,383 - INFO - PUT http://localhost:9200/real_estate_ads/_doc/5 [status:201 duration:0.008s]
2025-06-23 15:35:45,383 - INFO - Ad 5 indexed successfully
2025-06-23 15:35:45,391 - INFO - PUT http://localhost:9200/real_estate_ads/_doc/6 [status:201 duration:0.008s]
2025-06-23 15:35:45,392 - INFO - Ad 6 indexed successfully
2025-06-23 15:35:45,399 - INFO - PUT http://localhost:9200/real_estate_ads/_doc/7 [status:201 duration:0.008s]
2025-06-23 15:35:45,400 - INFO - Ad 7 indexed successfully
2025-06-23 15:35:45,407 - INFO - PUT http://localhost:9200/real_estate_ads/_doc/9 [status:201 duration:0.007s]
2025-06-23 15:35:45,408 - INFO - Ad 9 indexed successfully
2025-06-23 15:35:45,415 - INFO - PUT http://localhost:9200/real_estate_ads/_doc/8 [status:201 duration:0.007s]
2025-06-23 15:35:45,416 - INFO - Ad 8 indexed successfully
2025-06-23 15:35:45,423 - INFO - PUT http://localhost:9200/real_estate_ads/_doc/11 [status:201 duration:0.008s]
2025-06-23 15:35:45,423 - INFO - Ad 11 indexed successfully
2025-06-23 15:35:45,431 - INFO - PUT http://localhost:9200/real_estate_ads/_doc/13 [status:201 duration:0.008s]
2025-06-23 15:35:45,431 - INFO - Ad 13 indexed successfully
2025-06-23 15:35:45,439 - INFO - PUT http://localhost:9200/real_estate_ads/_doc/15 [status:201 duration:0.008s]
2025-06-23 15:35:45,439 - INFO - Ad 15 indexed successfully
2025-06-23 15:35:45,448 - INFO - PUT http://localhost:9200/real_estate_ads/_doc/17 [status:201 duration:0.008s]
2025-06-23 15:35:45,448 - INFO - Ad 17 indexed successfully
2025-06-23 15:35:45,456 - INFO - PUT http://localhost:9200/real_estate_ads/_doc/30 [status:201 duration:0.008s]
2025-06-23 15:35:45,457 - INFO - Ad 30 indexed successfully
2025-06-23 15:35:45,464 - INFO - PUT http://localhost:9200/real_estate_ads/_doc/10 [status:201 duration:0.007s]
2025-06-23 15:35:45,465 - INFO - Ad 10 indexed successfully
2025-06-23 15:35:45,473 - INFO - PUT http://localhost:9200/real_estate_ads/_doc/12 [status:201 duration:0.008s]
2025-06-23 15:35:45,473 - INFO - Ad 12 indexed successfully
2025-06-23 15:35:45,480 - INFO - PUT http://localhost:9200/real_estate_ads/_doc/14 [status:201 duration:0.008s]
2025-06-23 15:35:45,481 - INFO - Ad 14 indexed successfully
2025-06-23 15:35:45,489 - INFO - PUT http://localhost:9200/real_estate_ads/_doc/16 [status:201 duration:0.009s]
2025-06-23 15:35:45,490 - INFO - Ad 16 indexed successfully
2025-06-23 15:35:45,497 - INFO - PUT http://localhost:9200/real_estate_ads/_doc/18 [status:201 duration:0.008s]
2025-06-23 15:35:45,498 - INFO - Ad 18 indexed successfully
2025-06-23 15:35:45,505 - INFO - PUT http://localhost:9200/real_estate_ads/_doc/33 [status:201 duration:0.007s]
2025-06-23 15:35:45,505 - INFO - Ad 33 indexed successfully
2025-06-23 15:35:45,513 - INFO - PUT http://localhost:9200/real_estate_ads/_doc/19 [status:201 duration:0.008s]
2025-06-23 15:35:45,514 - INFO - Ad 19 indexed successfully
2025-06-23 15:35:45,521 - INFO - PUT http://localhost:9200/real_estate_ads/_doc/21 [status:201 duration:0.008s]
2025-06-23 15:35:45,522 - INFO - Ad 21 indexed successfully
2025-06-23 15:35:45,530 - INFO - PUT http://localhost:9200/real_estate_ads/_doc/23 [status:201 duration:0.008s]
2025-06-23 15:35:45,531 - INFO - Ad 23 indexed successfully
2025-06-23 15:35:45,539 - INFO - PUT http://localhost:9200/real_estate_ads/_doc/25 [status:201 duration:0.008s]
2025-06-23 15:35:45,539 - INFO - Ad 25 indexed successfully
2025-06-23 15:35:45,547 - INFO - PUT http://localhost:9200/real_estate_ads/_doc/27 [status:201 duration:0.008s]
2025-06-23 15:35:45,548 - INFO - Ad 27 indexed successfully
2025-06-23 15:35:45,555 - INFO - PUT http://localhost:9200/real_estate_ads/_doc/29 [status:201 duration:0.008s]
2025-06-23 15:35:45,556 - INFO - Ad 29 indexed successfully
2025-06-23 15:35:45,563 - INFO - PUT http://localhost:9200/real_estate_ads/_doc/31 [status:201 duration:0.007s]
2025-06-23 15:35:45,564 - INFO - Ad 31 indexed successfully
2025-06-23 15:35:45,573 - INFO - PUT http://localhost:9200/real_estate_ads/_doc/20 [status:201 duration:0.009s]
2025-06-23 15:35:45,574 - INFO - Ad 20 indexed successfully
2025-06-23 15:35:45,581 - INFO - PUT http://localhost:9200/real_estate_ads/_doc/22 [status:201 duration:0.007s]
2025-06-23 15:35:45,582 - INFO - Ad 22 indexed successfully
2025-06-23 15:35:45,590 - INFO - PUT http://localhost:9200/real_estate_ads/_doc/24 [status:201 duration:0.008s]
2025-06-23 15:35:45,590 - INFO - Ad 24 indexed successfully
2025-06-23 15:35:45,597 - INFO - PUT http://localhost:9200/real_estate_ads/_doc/26 [status:201 duration:0.007s]
2025-06-23 15:35:45,597 - INFO - Ad 26 indexed successfully
2025-06-23 15:35:45,606 - INFO - PUT http://localhost:9200/real_estate_ads/_doc/28 [status:201 duration:0.008s]
2025-06-23 15:35:45,606 - INFO - Ad 28 indexed successfully
2025-06-23 15:35:45,613 - INFO - PUT http://localhost:9200/real_estate_ads/_doc/94 [status:201 duration:0.007s]
2025-06-23 15:35:45,614 - INFO - Ad 94 indexed successfully
2025-06-23 15:35:45,621 - INFO - PUT http://localhost:9200/real_estate_ads/_doc/32 [status:201 duration:0.007s]
2025-06-23 15:35:45,621 - INFO - Ad 32 indexed successfully
2025-06-23 15:35:45,629 - INFO - PUT http://localhost:9200/real_estate_ads/_doc/34 [status:201 duration:0.008s]
2025-06-23 15:35:45,630 - INFO - Ad 34 indexed successfully
2025-06-23 15:35:45,637 - INFO - PUT http://localhost:9200/real_estate_ads/_doc/36 [status:201 duration:0.007s]
2025-06-23 15:35:45,637 - INFO - Ad 36 indexed successfully
2025-06-23 15:35:45,646 - INFO - PUT http://localhost:9200/real_estate_ads/_doc/38 [status:201 duration:0.009s]
2025-06-23 15:35:45,647 - INFO - Ad 38 indexed successfully
2025-06-23 15:35:45,655 - INFO - PUT http://localhost:9200/real_estate_ads/_doc/40 [status:201 duration:0.008s]
2025-06-23 15:35:45,655 - INFO - Ad 40 indexed successfully
2025-06-23 15:35:45,662 - INFO - PUT http://localhost:9200/real_estate_ads/_doc/35 [status:201 duration:0.007s]
2025-06-23 15:35:45,663 - INFO - Ad 35 indexed successfully
2025-06-23 15:35:45,671 - INFO - PUT http://localhost:9200/real_estate_ads/_doc/37 [status:201 duration:0.008s]
2025-06-23 15:35:45,671 - INFO - Ad 37 indexed successfully
2025-06-23 15:35:45,678 - INFO - PUT http://localhost:9200/real_estate_ads/_doc/39 [status:201 duration:0.008s]
2025-06-23 15:35:45,679 - INFO - Ad 39 indexed successfully
2025-06-23 15:35:45,687 - INFO - PUT http://localhost:9200/real_estate_ads/_doc/41 [status:201 duration:0.008s]
2025-06-23 15:35:45,687 - INFO - Ad 41 indexed successfully
2025-06-23 15:35:45,694 - INFO - PUT http://localhost:9200/real_estate_ads/_doc/43 [status:201 duration:0.007s]
2025-06-23 15:35:45,695 - INFO - Ad 43 indexed successfully
2025-06-23 15:35:45,702 - INFO - PUT http://localhost:9200/real_estate_ads/_doc/45 [status:201 duration:0.007s]
2025-06-23 15:35:45,702 - INFO - Ad 45 indexed successfully
2025-06-23 15:35:45,709 - INFO - PUT http://localhost:9200/real_estate_ads/_doc/120 [status:201 duration:0.007s]
2025-06-23 15:35:45,710 - INFO - Ad 120 indexed successfully
2025-06-23 15:35:45,718 - INFO - PUT http://localhost:9200/real_estate_ads/_doc/42 [status:201 duration:0.008s]
2025-06-23 15:35:45,718 - INFO - Ad 42 indexed successfully
2025-06-23 15:35:45,725 - INFO - PUT http://localhost:9200/real_estate_ads/_doc/44 [status:201 duration:0.007s]
2025-06-23 15:35:45,726 - INFO - Ad 44 indexed successfully
2025-06-23 15:35:45,732 - INFO - PUT http://localhost:9200/real_estate_ads/_doc/46 [status:201 duration:0.007s]
2025-06-23 15:35:45,733 - INFO - Ad 46 indexed successfully
2025-06-23 15:35:45,741 - INFO - PUT http://localhost:9200/real_estate_ads/_doc/48 [status:201 duration:0.008s]
2025-06-23 15:35:45,741 - INFO - Ad 48 indexed successfully
2025-06-23 15:35:45,748 - INFO - PUT http://localhost:9200/real_estate_ads/_doc/50 [status:201 duration:0.007s]
2025-06-23 15:35:45,749 - INFO - Ad 50 indexed successfully
2025-06-23 15:35:45,756 - INFO - PUT http://localhost:9200/real_estate_ads/_doc/52 [status:201 duration:0.007s]
2025-06-23 15:35:45,756 - INFO - Ad 52 indexed successfully
2025-06-23 15:35:45,763 - INFO - PUT http://localhost:9200/real_estate_ads/_doc/47 [status:201 duration:0.007s]
2025-06-23 15:35:45,764 - INFO - Ad 47 indexed successfully
2025-06-23 15:35:45,772 - INFO - PUT http://localhost:9200/real_estate_ads/_doc/49 [status:201 duration:0.008s]
2025-06-23 15:35:45,772 - INFO - Ad 49 indexed successfully
2025-06-23 15:35:45,780 - INFO - PUT http://localhost:9200/real_estate_ads/_doc/51 [status:201 duration:0.008s]
2025-06-23 15:35:45,781 - INFO - Ad 51 indexed successfully
2025-06-23 15:35:45,789 - INFO - PUT http://localhost:9200/real_estate_ads/_doc/53 [status:201 duration:0.008s]
2025-06-23 15:35:45,789 - INFO - Ad 53 indexed successfully
2025-06-23 15:35:45,796 - INFO - PUT http://localhost:9200/real_estate_ads/_doc/54 [status:201 duration:0.007s]
2025-06-23 15:35:45,797 - INFO - Ad 54 indexed successfully
2025-06-23 15:35:45,804 - INFO - PUT http://localhost:9200/real_estate_ads/_doc/55 [status:201 duration:0.007s]
2025-06-23 15:35:45,804 - INFO - Ad 55 indexed successfully
2025-06-23 15:35:45,812 - INFO - PUT http://localhost:9200/real_estate_ads/_doc/77 [status:201 duration:0.008s]
2025-06-23 15:35:45,813 - INFO - Ad 77 indexed successfully
2025-06-23 15:35:45,820 - INFO - PUT http://localhost:9200/real_estate_ads/_doc/56 [status:201 duration:0.007s]
2025-06-23 15:35:45,820 - INFO - Ad 56 indexed successfully
2025-06-23 15:35:45,827 - INFO - PUT http://localhost:9200/real_estate_ads/_doc/58 [status:201 duration:0.007s]
2025-06-23 15:35:45,828 - INFO - Ad 58 indexed successfully
2025-06-23 15:35:45,835 - INFO - PUT http://localhost:9200/real_estate_ads/_doc/60 [status:201 duration:0.008s]
2025-06-23 15:35:45,836 - INFO - Ad 60 indexed successfully
2025-06-23 15:35:45,843 - INFO - PUT http://localhost:9200/real_estate_ads/_doc/62 [status:201 duration:0.008s]
2025-06-23 15:35:45,844 - INFO - Ad 62 indexed successfully
2025-06-23 15:35:45,851 - INFO - PUT http://localhost:9200/real_estate_ads/_doc/64 [status:201 duration:0.008s]
2025-06-23 15:35:45,852 - INFO - Ad 64 indexed successfully
2025-06-23 15:35:45,859 - INFO - PUT http://localhost:9200/real_estate_ads/_doc/66 [status:201 duration:0.008s]
2025-06-23 15:35:45,860 - INFO - Ad 66 indexed successfully
2025-06-23 15:35:45,866 - INFO - PUT http://localhost:9200/real_estate_ads/_doc/92 [status:201 duration:0.006s]
2025-06-23 15:35:45,866 - INFO - Ad 92 indexed successfully
2025-06-23 15:35:45,874 - INFO - PUT http://localhost:9200/real_estate_ads/_doc/57 [status:201 duration:0.008s]
2025-06-23 15:35:45,875 - INFO - Ad 57 indexed successfully
2025-06-23 15:35:45,882 - INFO - PUT http://localhost:9200/real_estate_ads/_doc/59 [status:201 duration:0.008s]
2025-06-23 15:35:45,883 - INFO - Ad 59 indexed successfully
2025-06-23 15:35:45,890 - INFO - PUT http://localhost:9200/real_estate_ads/_doc/61 [status:201 duration:0.007s]
2025-06-23 15:35:45,890 - INFO - Ad 61 indexed successfully
2025-06-23 15:35:45,897 - INFO - PUT http://localhost:9200/real_estate_ads/_doc/63 [status:201 duration:0.007s]
2025-06-23 15:35:45,897 - INFO - Ad 63 indexed successfully
2025-06-23 15:35:45,907 - INFO - PUT http://localhost:9200/real_estate_ads/_doc/65 [status:201 duration:0.009s]
2025-06-23 15:35:45,907 - INFO - Ad 65 indexed successfully
2025-06-23 15:35:45,914 - INFO - PUT http://localhost:9200/real_estate_ads/_doc/93 [status:201 duration:0.007s]
2025-06-23 15:35:45,914 - INFO - Ad 93 indexed successfully
2025-06-23 15:35:45,923 - INFO - PUT http://localhost:9200/real_estate_ads/_doc/67 [status:201 duration:0.008s]
2025-06-23 15:35:45,923 - INFO - Ad 67 indexed successfully
2025-06-23 15:35:45,930 - INFO - PUT http://localhost:9200/real_estate_ads/_doc/69 [status:201 duration:0.007s]
2025-06-23 15:35:45,930 - INFO - Ad 69 indexed successfully
2025-06-23 15:35:45,938 - INFO - PUT http://localhost:9200/real_estate_ads/_doc/71 [status:201 duration:0.007s]
2025-06-23 15:35:45,938 - INFO - Ad 71 indexed successfully
2025-06-23 15:35:45,947 - INFO - PUT http://localhost:9200/real_estate_ads/_doc/73 [status:201 duration:0.008s]
2025-06-23 15:35:45,947 - INFO - Ad 73 indexed successfully
2025-06-23 15:35:45,955 - INFO - PUT http://localhost:9200/real_estate_ads/_doc/75 [status:201 duration:0.008s]
2025-06-23 15:35:45,955 - INFO - Ad 75 indexed successfully
2025-06-23 15:35:45,962 - INFO - PUT http://localhost:9200/real_estate_ads/_doc/68 [status:201 duration:0.007s]
2025-06-23 15:35:45,963 - INFO - Ad 68 indexed successfully
2025-06-23 15:35:45,971 - INFO - PUT http://localhost:9200/real_estate_ads/_doc/70 [status:201 duration:0.008s]
2025-06-23 15:35:45,971 - INFO - Ad 70 indexed successfully
2025-06-23 15:35:45,980 - INFO - PUT http://localhost:9200/real_estate_ads/_doc/72 [status:201 duration:0.008s]
2025-06-23 15:35:45,980 - INFO - Ad 72 indexed successfully
2025-06-23 15:35:45,988 - INFO - PUT http://localhost:9200/real_estate_ads/_doc/74 [status:201 duration:0.008s]
2025-06-23 15:35:45,988 - INFO - Ad 74 indexed successfully
2025-06-23 15:35:45,997 - INFO - PUT http://localhost:9200/real_estate_ads/_doc/76 [status:201 duration:0.008s]
2025-06-23 15:35:45,997 - INFO - Ad 76 indexed successfully
2025-06-23 15:35:46,006 - INFO - PUT http://localhost:9200/real_estate_ads/_doc/78 [status:201 duration:0.009s]
2025-06-23 15:35:46,006 - INFO - Ad 78 indexed successfully
2025-06-23 15:35:46,014 - INFO - PUT http://localhost:9200/real_estate_ads/_doc/79 [status:201 duration:0.008s]
2025-06-23 15:35:46,015 - INFO - Ad 79 indexed successfully
2025-06-23 15:35:46,023 - INFO - PUT http://localhost:9200/real_estate_ads/_doc/81 [status:201 duration:0.008s]
2025-06-23 15:35:46,023 - INFO - Ad 81 indexed successfully
2025-06-23 15:35:46,030 - INFO - PUT http://localhost:9200/real_estate_ads/_doc/83 [status:201 duration:0.007s]
2025-06-23 15:35:46,030 - INFO - Ad 83 indexed successfully
2025-06-23 15:35:46,038 - INFO - PUT http://localhost:9200/real_estate_ads/_doc/85 [status:201 duration:0.008s]
2025-06-23 15:35:46,039 - INFO - Ad 85 indexed successfully
2025-06-23 15:35:46,046 - INFO - PUT http://localhost:9200/real_estate_ads/_doc/87 [status:201 duration:0.007s]
2025-06-23 15:35:46,047 - INFO - Ad 87 indexed successfully
2025-06-23 15:35:46,055 - INFO - PUT http://localhost:9200/real_estate_ads/_doc/89 [status:201 duration:0.008s]
2025-06-23 15:35:46,055 - INFO - Ad 89 indexed successfully
2025-06-23 15:35:46,062 - INFO - PUT http://localhost:9200/real_estate_ads/_doc/91 [status:201 duration:0.007s]
2025-06-23 15:35:46,063 - INFO - Ad 91 indexed successfully
2025-06-23 15:35:46,071 - INFO - PUT http://localhost:9200/real_estate_ads/_doc/80 [status:201 duration:0.008s]
2025-06-23 15:35:46,071 - INFO - Ad 80 indexed successfully
2025-06-23 15:35:46,078 - INFO - PUT http://localhost:9200/real_estate_ads/_doc/82 [status:201 duration:0.007s]
2025-06-23 15:35:46,078 - INFO - Ad 82 indexed successfully
2025-06-23 15:35:46,086 - INFO - PUT http://localhost:9200/real_estate_ads/_doc/84 [status:201 duration:0.007s]
2025-06-23 15:35:46,086 - INFO - Ad 84 indexed successfully
2025-06-23 15:35:46,094 - INFO - PUT http://localhost:9200/real_estate_ads/_doc/86 [status:201 duration:0.008s]
2025-06-23 15:35:46,094 - INFO - Ad 86 indexed successfully
2025-06-23 15:35:46,101 - INFO - PUT http://localhost:9200/real_estate_ads/_doc/88 [status:201 duration:0.007s]
2025-06-23 15:35:46,101 - INFO - Ad 88 indexed successfully
2025-06-23 15:35:46,109 - INFO - PUT http://localhost:9200/real_estate_ads/_doc/90 [status:201 duration:0.008s]
2025-06-23 15:35:46,110 - INFO - Ad 90 indexed successfully
2025-06-23 15:35:46,116 - INFO - PUT http://localhost:9200/real_estate_ads/_doc/95 [status:201 duration:0.007s]
2025-06-23 15:35:46,117 - INFO - Ad 95 indexed successfully
2025-06-23 15:35:46,124 - INFO - PUT http://localhost:9200/real_estate_ads/_doc/97 [status:201 duration:0.008s]
2025-06-23 15:35:46,125 - INFO - Ad 97 indexed successfully
2025-06-23 15:35:46,132 - INFO - PUT http://localhost:9200/real_estate_ads/_doc/99 [status:201 duration:0.007s]
2025-06-23 15:35:46,132 - INFO - Ad 99 indexed successfully
2025-06-23 15:35:46,140 - INFO - PUT http://localhost:9200/real_estate_ads/_doc/101 [status:201 duration:0.007s]
2025-06-23 15:35:46,140 - INFO - Ad 101 indexed successfully
2025-06-23 15:35:46,147 - INFO - PUT http://localhost:9200/real_estate_ads/_doc/103 [status:201 duration:0.007s]
2025-06-23 15:35:46,148 - INFO - Ad 103 indexed successfully
2025-06-23 15:35:46,156 - INFO - PUT http://localhost:9200/real_estate_ads/_doc/105 [status:201 duration:0.008s]
2025-06-23 15:35:46,156 - INFO - Ad 105 indexed successfully
2025-06-23 15:35:46,163 - INFO - PUT http://localhost:9200/real_estate_ads/_doc/96 [status:201 duration:0.007s]
2025-06-23 15:35:46,164 - INFO - Ad 96 indexed successfully
2025-06-23 15:35:46,171 - INFO - PUT http://localhost:9200/real_estate_ads/_doc/98 [status:201 duration:0.008s]
2025-06-23 15:35:46,172 - INFO - Ad 98 indexed successfully
2025-06-23 15:35:46,179 - INFO - PUT http://localhost:9200/real_estate_ads/_doc/100 [status:201 duration:0.007s]
2025-06-23 15:35:46,180 - INFO - Ad 100 indexed successfully
2025-06-23 15:35:46,188 - INFO - PUT http://localhost:9200/real_estate_ads/_doc/102 [status:201 duration:0.008s]
2025-06-23 15:35:46,188 - INFO - Ad 102 indexed successfully
2025-06-23 15:35:46,195 - INFO - PUT http://localhost:9200/real_estate_ads/_doc/104 [status:201 duration:0.007s]
2025-06-23 15:35:46,196 - INFO - Ad 104 indexed successfully
2025-06-23 15:35:46,203 - INFO - PUT http://localhost:9200/real_estate_ads/_doc/106 [status:201 duration:0.007s]
2025-06-23 15:35:46,203 - INFO - Ad 106 indexed successfully
2025-06-23 15:35:46,211 - INFO - PUT http://localhost:9200/real_estate_ads/_doc/107 [status:201 duration:0.008s]
2025-06-23 15:35:46,211 - INFO - Ad 107 indexed successfully
2025-06-23 15:35:46,219 - INFO - PUT http://localhost:9200/real_estate_ads/_doc/109 [status:201 duration:0.008s]
2025-06-23 15:35:46,219 - INFO - Ad 109 indexed successfully
2025-06-23 15:35:46,234 - INFO - PUT http://localhost:9200/real_estate_ads/_doc/111 [status:201 duration:0.014s]
2025-06-23 15:35:46,234 - INFO - Ad 111 indexed successfully
2025-06-23 15:35:46,246 - INFO - PUT http://localhost:9200/real_estate_ads/_doc/113 [status:201 duration:0.012s]
2025-06-23 15:35:46,246 - INFO - Ad 113 indexed successfully
2025-06-23 15:35:46,258 - INFO - PUT http://localhost:9200/real_estate_ads/_doc/115 [status:201 duration:0.011s]
2025-06-23 15:35:46,258 - INFO - Ad 115 indexed successfully
2025-06-23 15:35:46,269 - INFO - PUT http://localhost:9200/real_estate_ads/_doc/128 [status:201 duration:0.010s]
2025-06-23 15:35:46,269 - INFO - Ad 128 indexed successfully
2025-06-23 15:35:46,278 - INFO - PUT http://localhost:9200/real_estate_ads/_doc/108 [status:201 duration:0.009s]
2025-06-23 15:35:46,278 - INFO - Ad 108 indexed successfully
2025-06-23 15:35:46,288 - INFO - PUT http://localhost:9200/real_estate_ads/_doc/110 [status:201 duration:0.009s]
2025-06-23 15:35:46,288 - INFO - Ad 110 indexed successfully
2025-06-23 15:35:46,297 - INFO - PUT http://localhost:9200/real_estate_ads/_doc/112 [status:201 duration:0.009s]
2025-06-23 15:35:46,297 - INFO - Ad 112 indexed successfully
2025-06-23 15:35:46,306 - INFO - PUT http://localhost:9200/real_estate_ads/_doc/114 [status:201 duration:0.008s]
2025-06-23 15:35:46,306 - INFO - Ad 114 indexed successfully
2025-06-23 15:35:46,315 - INFO - PUT http://localhost:9200/real_estate_ads/_doc/116 [status:201 duration:0.008s]
2025-06-23 15:35:46,315 - INFO - Ad 116 indexed successfully
2025-06-23 15:35:46,323 - INFO - PUT http://localhost:9200/real_estate_ads/_doc/118 [status:201 duration:0.008s]
2025-06-23 15:35:46,323 - INFO - Ad 118 indexed successfully
2025-06-23 15:35:46,332 - INFO - PUT http://localhost:9200/real_estate_ads/_doc/117 [status:201 duration:0.008s]
2025-06-23 15:35:46,332 - INFO - Ad 117 indexed successfully
2025-06-23 15:35:46,340 - INFO - PUT http://localhost:9200/real_estate_ads/_doc/119 [status:201 duration:0.008s]
2025-06-23 15:35:46,340 - INFO - Ad 119 indexed successfully
2025-06-23 15:35:46,348 - INFO - PUT http://localhost:9200/real_estate_ads/_doc/121 [status:201 duration:0.007s]
2025-06-23 15:35:46,348 - INFO - Ad 121 indexed successfully
2025-06-23 15:35:46,356 - INFO - PUT http://localhost:9200/real_estate_ads/_doc/122 [status:201 duration:0.008s]
2025-06-23 15:35:46,356 - INFO - Ad 122 indexed successfully
2025-06-23 15:35:46,365 - INFO - PUT http://localhost:9200/real_estate_ads/_doc/123 [status:201 duration:0.008s]
2025-06-23 15:35:46,365 - INFO - Ad 123 indexed successfully
2025-06-23 15:35:46,373 - INFO - PUT http://localhost:9200/real_estate_ads/_doc/124 [status:201 duration:0.008s]
2025-06-23 15:35:46,373 - INFO - Ad 124 indexed successfully
2025-06-23 15:35:46,381 - INFO - PUT http://localhost:9200/real_estate_ads/_doc/125 [status:201 duration:0.007s]
2025-06-23 15:35:46,381 - INFO - Ad 125 indexed successfully
2025-06-23 15:35:46,389 - INFO - PUT http://localhost:9200/real_estate_ads/_doc/126 [status:201 duration:0.008s]
2025-06-23 15:35:46,389 - INFO - Ad 126 indexed successfully
2025-06-23 15:35:46,396 - INFO - PUT http://localhost:9200/real_estate_ads/_doc/127 [status:201 duration:0.007s]
2025-06-23 15:35:46,397 - INFO - Ad 127 indexed successfully
2025-06-23 15:35:46,405 - INFO - PUT http://localhost:9200/real_estate_ads/_doc/129 [status:201 duration:0.008s]
2025-06-23 15:35:46,405 - INFO - Ad 129 indexed successfully
2025-06-23 15:35:46,412 - INFO - PUT http://localhost:9200/real_estate_ads/_doc/131 [status:201 duration:0.007s]
2025-06-23 15:35:46,413 - INFO - Ad 131 indexed successfully
2025-06-23 15:35:46,421 - INFO - PUT http://localhost:9200/real_estate_ads/_doc/133 [status:201 duration:0.008s]
2025-06-23 15:35:46,421 - INFO - Ad 133 indexed successfully
2025-06-23 15:35:46,429 - INFO - PUT http://localhost:9200/real_estate_ads/_doc/135 [status:201 duration:0.008s]
2025-06-23 15:35:46,429 - INFO - Ad 135 indexed successfully
2025-06-23 15:35:46,437 - INFO - PUT http://localhost:9200/real_estate_ads/_doc/137 [status:201 duration:0.008s]
2025-06-23 15:35:46,437 - INFO - Ad 137 indexed successfully
2025-06-23 15:35:46,444 - INFO - PUT http://localhost:9200/real_estate_ads/_doc/139 [status:201 duration:0.007s]
2025-06-23 15:35:46,445 - INFO - Ad 139 indexed successfully
2025-06-23 15:35:46,452 - INFO - PUT http://localhost:9200/real_estate_ads/_doc/141 [status:201 duration:0.007s]
2025-06-23 15:35:46,452 - INFO - Ad 141 indexed successfully
2025-06-23 15:35:46,460 - INFO - PUT http://localhost:9200/real_estate_ads/_doc/130 [status:201 duration:0.007s]
2025-06-23 15:35:46,460 - INFO - Ad 130 indexed successfully
2025-06-23 15:35:46,468 - INFO - PUT http://localhost:9200/real_estate_ads/_doc/132 [status:201 duration:0.008s]
2025-06-23 15:35:46,468 - INFO - Ad 132 indexed successfully
2025-06-23 15:35:46,475 - INFO - PUT http://localhost:9200/real_estate_ads/_doc/134 [status:201 duration:0.007s]
2025-06-23 15:35:46,476 - INFO - Ad 134 indexed successfully
2025-06-23 15:35:46,483 - INFO - PUT http://localhost:9200/real_estate_ads/_doc/136 [status:201 duration:0.008s]
2025-06-23 15:35:46,484 - INFO - Ad 136 indexed successfully
2025-06-23 15:35:46,491 - INFO - PUT http://localhost:9200/real_estate_ads/_doc/138 [status:201 duration:0.008s]
2025-06-23 15:35:46,492 - INFO - Ad 138 indexed successfully
2025-06-23 15:35:46,498 - INFO - PUT http://localhost:9200/real_estate_ads/_doc/140 [status:201 duration:0.007s]
2025-06-23 15:35:46,499 - INFO - Ad 140 indexed successfully
2025-06-23 15:35:46,507 - INFO - PUT http://localhost:9200/real_estate_ads/_doc/150 [status:201 duration:0.008s]
2025-06-23 15:35:46,507 - INFO - Ad 150 indexed successfully
2025-06-23 15:35:46,514 - INFO - PUT http://localhost:9200/real_estate_ads/_doc/142 [status:201 duration:0.008s]
2025-06-23 15:35:46,515 - INFO - Ad 142 indexed successfully
2025-06-23 15:35:46,523 - INFO - PUT http://localhost:9200/real_estate_ads/_doc/144 [status:201 duration:0.009s]
2025-06-23 15:35:46,524 - INFO - Ad 144 indexed successfully
2025-06-23 15:35:46,531 - INFO - PUT http://localhost:9200/real_estate_ads/_doc/146 [status:201 duration:0.008s]
2025-06-23 15:35:46,532 - INFO - Ad 146 indexed successfully
2025-06-23 15:35:46,539 - INFO - PUT http://localhost:9200/real_estate_ads/_doc/148 [status:201 duration:0.007s]
2025-06-23 15:35:46,539 - INFO - Ad 148 indexed successfully
2025-06-23 15:35:46,546 - INFO - PUT http://localhost:9200/real_estate_ads/_doc/157 [status:201 duration:0.007s]
2025-06-23 15:35:46,547 - INFO - Ad 157 indexed successfully
2025-06-23 15:35:46,554 - INFO - PUT http://localhost:9200/real_estate_ads/_doc/143 [status:201 duration:0.007s]
2025-06-23 15:35:46,554 - INFO - Ad 143 indexed successfully
2025-06-23 15:35:46,561 - INFO - PUT http://localhost:9200/real_estate_ads/_doc/145 [status:201 duration:0.007s]
2025-06-23 15:35:46,562 - INFO - Ad 145 indexed successfully
2025-06-23 15:35:46,569 - INFO - PUT http://localhost:9200/real_estate_ads/_doc/147 [status:201 duration:0.007s]
2025-06-23 15:35:46,569 - INFO - Ad 147 indexed successfully
2025-06-23 15:35:46,576 - INFO - PUT http://localhost:9200/real_estate_ads/_doc/149 [status:201 duration:0.007s]
2025-06-23 15:35:46,577 - INFO - Ad 149 indexed successfully
2025-06-23 15:35:46,583 - INFO - PUT http://localhost:9200/real_estate_ads/_doc/151 [status:201 duration:0.007s]
2025-06-23 15:35:46,584 - INFO - Ad 151 indexed successfully
2025-06-23 15:35:46,591 - INFO - PUT http://localhost:9200/real_estate_ads/_doc/153 [status:201 duration:0.008s]
2025-06-23 15:35:46,592 - INFO - Ad 153 indexed successfully
2025-06-23 15:35:46,598 - INFO - PUT http://localhost:9200/real_estate_ads/_doc/155 [status:201 duration:0.007s]
2025-06-23 15:35:46,599 - INFO - Ad 155 indexed successfully
2025-06-23 15:35:46,607 - INFO - PUT http://localhost:9200/real_estate_ads/_doc/152 [status:201 duration:0.008s]
2025-06-23 15:35:46,607 - INFO - Ad 152 indexed successfully
2025-06-23 15:35:46,615 - INFO - PUT http://localhost:9200/real_estate_ads/_doc/154 [status:201 duration:0.008s]
2025-06-23 15:35:46,615 - INFO - Ad 154 indexed successfully
2025-06-23 15:35:46,623 - INFO - PUT http://localhost:9200/real_estate_ads/_doc/156 [status:201 duration:0.008s]
2025-06-23 15:35:46,623 - INFO - Ad 156 indexed successfully
2025-06-23 15:35:46,630 - INFO - PUT http://localhost:9200/real_estate_ads/_doc/158 [status:201 duration:0.007s]
2025-06-23 15:35:46,631 - INFO - Ad 158 indexed successfully
2025-06-23 15:35:46,639 - INFO - PUT http://localhost:9200/real_estate_ads/_doc/160 [status:201 duration:0.008s]
2025-06-23 15:35:46,639 - INFO - Ad 160 indexed successfully
2025-06-23 15:35:46,646 - INFO - PUT http://localhost:9200/real_estate_ads/_doc/162 [status:201 duration:0.007s]
2025-06-23 15:35:46,647 - INFO - Ad 162 indexed successfully
2025-06-23 15:35:46,654 - INFO - PUT http://localhost:9200/real_estate_ads/_doc/164 [status:201 duration:0.008s]
2025-06-23 15:35:46,655 - INFO - Ad 164 indexed successfully
2025-06-23 15:35:46,662 - INFO - PUT http://localhost:9200/real_estate_ads/_doc/171 [status:201 duration:0.007s]
2025-06-23 15:35:46,663 - INFO - Ad 171 indexed successfully
2025-06-23 15:35:46,670 - INFO - PUT http://localhost:9200/real_estate_ads/_doc/159 [status:201 duration:0.008s]
2025-06-23 15:35:46,671 - INFO - Ad 159 indexed successfully
2025-06-23 15:35:46,678 - INFO - PUT http://localhost:9200/real_estate_ads/_doc/161 [status:201 duration:0.007s]
2025-06-23 15:35:46,679 - INFO - Ad 161 indexed successfully
2025-06-23 15:35:46,686 - INFO - PUT http://localhost:9200/real_estate_ads/_doc/163 [status:201 duration:0.007s]
2025-06-23 15:35:46,686 - INFO - Ad 163 indexed successfully
2025-06-23 15:35:46,693 - INFO - PUT http://localhost:9200/real_estate_ads/_doc/165 [status:201 duration:0.007s]
2025-06-23 15:35:46,694 - INFO - Ad 165 indexed successfully
2025-06-23 15:35:46,702 - INFO - PUT http://localhost:9200/real_estate_ads/_doc/167 [status:201 duration:0.008s]
2025-06-23 15:35:46,702 - INFO - Ad 167 indexed successfully
2025-06-23 15:35:46,710 - INFO - PUT http://localhost:9200/real_estate_ads/_doc/169 [status:201 duration:0.008s]
2025-06-23 15:35:46,711 - INFO - Ad 169 indexed successfully
2025-06-23 15:35:46,717 - INFO - PUT http://localhost:9200/real_estate_ads/_doc/166 [status:201 duration:0.007s]
2025-06-23 15:35:46,718 - INFO - Ad 166 indexed successfully
2025-06-23 15:35:46,725 - INFO - PUT http://localhost:9200/real_estate_ads/_doc/168 [status:201 duration:0.008s]
2025-06-23 15:35:46,726 - INFO - Ad 168 indexed successfully
2025-06-23 15:35:46,733 - INFO - PUT http://localhost:9200/real_estate_ads/_doc/170 [status:201 duration:0.007s]
2025-06-23 15:35:46,733 - INFO - Ad 170 indexed successfully
2025-06-23 15:35:46,741 - INFO - PUT http://localhost:9200/real_estate_ads/_doc/172 [status:201 duration:0.007s]
2025-06-23 15:35:46,741 - INFO - Ad 172 indexed successfully
2025-06-23 15:35:46,747 - INFO - PUT http://localhost:9200/real_estate_ads/_doc/184 [status:201 duration:0.006s]
2025-06-23 15:35:46,747 - INFO - Ad 184 indexed successfully
2025-06-23 15:35:46,756 - INFO - PUT http://localhost:9200/real_estate_ads/_doc/173 [status:201 duration:0.009s]
2025-06-23 15:35:46,756 - INFO - Ad 173 indexed successfully
2025-06-23 15:35:46,764 - INFO - PUT http://localhost:9200/real_estate_ads/_doc/175 [status:201 duration:0.007s]
2025-06-23 15:35:46,764 - INFO - Ad 175 indexed successfully
2025-06-23 15:35:46,773 - INFO - PUT http://localhost:9200/real_estate_ads/_doc/177 [status:201 duration:0.009s]
2025-06-23 15:35:46,773 - INFO - Ad 177 indexed successfully
2025-06-23 15:35:46,781 - INFO - PUT http://localhost:9200/real_estate_ads/_doc/179 [status:201 duration:0.008s]
2025-06-23 15:35:46,782 - INFO - Ad 179 indexed successfully
2025-06-23 15:35:46,789 - INFO - PUT http://localhost:9200/real_estate_ads/_doc/181 [status:201 duration:0.007s]
2025-06-23 15:35:46,789 - INFO - Ad 181 indexed successfully
2025-06-23 15:35:46,796 - INFO - PUT http://localhost:9200/real_estate_ads/_doc/183 [status:201 duration:0.007s]
2025-06-23 15:35:46,797 - INFO - Ad 183 indexed successfully
2025-06-23 15:35:46,804 - INFO - PUT http://localhost:9200/real_estate_ads/_doc/174 [status:201 duration:0.008s]
2025-06-23 15:35:46,805 - INFO - Ad 174 indexed successfully
2025-06-23 15:35:46,813 - INFO - PUT http://localhost:9200/real_estate_ads/_doc/176 [status:201 duration:0.009s]
2025-06-23 15:35:46,814 - INFO - Ad 176 indexed successfully
2025-06-23 15:35:46,821 - INFO - PUT http://localhost:9200/real_estate_ads/_doc/178 [status:201 duration:0.007s]
2025-06-23 15:35:46,821 - INFO - Ad 178 indexed successfully
2025-06-23 15:35:46,829 - INFO - PUT http://localhost:9200/real_estate_ads/_doc/180 [status:201 duration:0.008s]
2025-06-23 15:35:46,830 - INFO - Ad 180 indexed successfully
2025-06-23 15:35:46,838 - INFO - PUT http://localhost:9200/real_estate_ads/_doc/182 [status:201 duration:0.008s]
2025-06-23 15:35:46,838 - INFO - Ad 182 indexed successfully
2025-06-23 15:35:46,845 - INFO - PUT http://localhost:9200/real_estate_ads/_doc/185 [status:201 duration:0.007s]
2025-06-23 15:35:46,846 - INFO - Ad 185 indexed successfully
2025-06-23 15:35:46,855 - INFO - PUT http://localhost:9200/real_estate_ads/_doc/187 [status:201 duration:0.009s]
2025-06-23 15:35:46,855 - INFO - Ad 187 indexed successfully
2025-06-23 15:35:46,863 - INFO - PUT http://localhost:9200/real_estate_ads/_doc/189 [status:201 duration:0.008s]
2025-06-23 15:35:46,863 - INFO - Ad 189 indexed successfully
2025-06-23 15:35:46,871 - INFO - PUT http://localhost:9200/real_estate_ads/_doc/186 [status:201 duration:0.007s]
2025-06-23 15:35:46,871 - INFO - Ad 186 indexed successfully
2025-06-23 15:35:46,879 - INFO - PUT http://localhost:9200/real_estate_ads/_doc/188 [status:201 duration:0.008s]
2025-06-23 15:35:46,880 - INFO - Ad 188 indexed successfully
2025-06-23 15:35:46,887 - INFO - PUT http://localhost:9200/real_estate_ads/_doc/190 [status:201 duration:0.007s]
2025-06-23 15:35:46,887 - INFO - Ad 190 indexed successfully
2025-06-23 15:35:46,887 - INFO - Successfully reindexed 190 out of 190 ads
2025-06-23 15:35:46,887 - INFO - ✅ Reindexing completed successfully in 1.86 seconds!
2025-06-23 15:35:46,890 - INFO - GET http://localhost:9200/real_estate_ads/_stats [status:200 duration:0.003s]
2025-06-23 15:35:46,890 - INFO - 📊 Index stats: {'docs': {'count': 109, 'deleted': 0}, 'shard_stats': {'total_count': 1}, 'store': {'size_in_bytes': 317494, 'total_data_set_size_in_bytes': 317494, 'reserved_in_bytes': 0}, 'indexing': {'index_total': 190, 'index_time_in_millis': 127, 'index_current': 0, 'index_failed': 0, 'delete_total': 0, 'delete_time_in_millis': 0, 'delete_current': 0, 'noop_update_total': 0, 'is_throttled': False, 'throttle_time_in_millis': 0, 'write_load': 0.08235398341794087}, 'get': {'total': 0, 'time_in_millis': 0, 'exists_total': 0, 'exists_time_in_millis': 0, 'missing_total': 0, 'missing_time_in_millis': 0, 'current': 0}, 'search': {'open_contexts': 0, 'query_total': 0, 'query_time_in_millis': 0, 'query_current': 0, 'fetch_total': 0, 'fetch_time_in_millis': 0, 'fetch_current': 0, 'scroll_total': 0, 'scroll_time_in_millis': 0, 'scroll_current': 0, 'suggest_total': 0, 'suggest_time_in_millis': 0, 'suggest_current': 0}, 'merges': {'current': 0, 'current_docs': 0, 'current_size_in_bytes': 0, 'total': 0, 'total_time_in_millis': 0, 'total_docs': 0, 'total_size_in_bytes': 0, 'total_stopped_time_in_millis': 0, 'total_throttled_time_in_millis': 0, 'total_auto_throttle_in_bytes': 20971520}, 'refresh': {'total': 3, 'total_time_in_millis': 66, 'external_total': 3, 'external_total_time_in_millis': 66, 'listeners': 0}, 'flush': {'total': 0, 'periodic': 0, 'total_time_in_millis': 0}, 'warmer': {'current': 0, 'total': 2, 'total_time_in_millis': 0}, 'query_cache': {'memory_size_in_bytes': 0, 'total_count': 0, 'hit_count': 0, 'miss_count': 0, 'cache_size': 0, 'cache_count': 0, 'evictions': 0}, 'fielddata': {'memory_size_in_bytes': 0, 'evictions': 0, 'global_ordinals': {'build_time_in_millis': 0}}, 'completion': {'size_in_bytes': 0}, 'segments': {'count': 1, 'memory_in_bytes': 0, 'terms_memory_in_bytes': 0, 'stored_fields_memory_in_bytes': 0, 'term_vectors_memory_in_bytes': 0, 'norms_memory_in_bytes': 0, 'points_memory_in_bytes': 0, 'doc_values_memory_in_bytes': 0, 'index_writer_memory_in_bytes': 553100, 'version_map_memory_in_bytes': 9558, 'fixed_bit_set_memory_in_bytes': 0, 'max_unsafe_auto_id_timestamp': -1, 'file_sizes': {}}, 'translog': {'operations': 190, 'size_in_bytes': 522860, 'uncommitted_operations': 190, 'uncommitted_size_in_bytes': 522860, 'earliest_last_modified_age': 8}, 'request_cache': {'memory_size_in_bytes': 0, 'evictions': 0, 'hit_count': 0, 'miss_count': 0}, 'recovery': {'current_as_source': 0, 'current_as_target': 0, 'throttle_time_in_millis': 0}, 'bulk': {'total_operations': 190, 'total_time_in_millis': 129, 'total_size_in_bytes': 513603, 'avg_time_in_millis': 0, 'avg_size_in_bytes': 2804}, 'dense_vector': {'value_count': 0}}
2025-06-23 15:35:46,890 - INFO - 🎉 Reindexing process completed!
2025-06-23 15:35:46,892 - INFO - 🧪 Testing search functionality...
2025-06-23 15:35:46,893 - INFO - Elasticsearch client initialized with hosts: ['http://localhost:9200']
2025-06-23 15:35:46,898 - INFO - POST http://localhost:9200/real_estate_ads/_search [status:200 duration:0.004s]
2025-06-23 15:35:46,898 - INFO - ✅ Search test 1 - Found 109 total ads
2025-06-23 15:35:46,974 - INFO - POST http://localhost:9200/real_estate_ads/_search [status:200 duration:0.075s]
2025-06-23 15:35:46,974 - INFO - ✅ Search test 2 - Found 3 ads with filters
2025-06-23 15:35:46,979 - INFO - POST http://localhost:9200/real_estate_ads/_search [status:200 duration:0.004s]
2025-06-23 15:35:46,979 - INFO - ✅ Aggregations test - Got 3 aggregation types
2025-06-23 15:35:46,993 - INFO - POST http://localhost:9200/real_estate_ads/_search [status:400 duration:0.013s]
2025-06-23 15:35:46,993 - ERROR - ❌ Search test failed: BadRequestError(400, 'search_phase_execution_exception', 'no mapping found for field [address.completion]')
2025-06-23 15:55:36,738 - INFO - 🚀 Starting Elasticsearch reindexing...
2025-06-23 15:55:36,738 - INFO - Elasticsearch client initialized with hosts: ['http://localhost:9200']
2025-06-23 15:55:36,738 - INFO - 🔍 Checking Elasticsearch health...
2025-06-23 15:55:36,740 - INFO - GET http://localhost:9200/_cluster/health [status:200 duration:0.002s]
2025-06-23 15:55:36,740 - INFO - ✅ Elasticsearch is healthy: {'status': 'green', 'number_of_nodes': 1, 'active_primary_shards': 26, 'active_shards': 26}
2025-06-23 15:55:36,740 - INFO - 📊 Fetching data from database...
2025-06-23 15:55:36,845 - INFO - 📈 Found 190 unique ads to reindex
2025-06-23 15:55:36,957 - INFO - 🔄 Transformed 190 ads for indexing
2025-06-23 15:55:36,957 - INFO - 🔄 Starting reindexing...
2025-06-23 15:55:36,958 - INFO - HEAD http://localhost:9200/real_estate_ads [status:200 duration:0.001s]
2025-06-23 15:55:37,024 - INFO - DELETE http://localhost:9200/real_estate_ads [status:200 duration:0.066s]
2025-06-23 15:55:37,024 - INFO - Old index real_estate_ads deleted
2025-06-23 15:55:37,025 - INFO - HEAD http://localhost:9200/real_estate_ads [status:404 duration:0.001s]
2025-06-23 15:55:37,287 - INFO - PUT http://localhost:9200/real_estate_ads [status:200 duration:0.262s]
2025-06-23 15:55:37,287 - INFO - Index real_estate_ads created successfully
2025-06-23 15:55:37,301 - INFO - PUT http://localhost:9200/real_estate_ads/_doc/1 [status:201 duration:0.014s]
2025-06-23 15:55:37,301 - INFO - Ad 1 indexed successfully
2025-06-23 15:55:37,307 - INFO - PUT http://localhost:9200/real_estate_ads/_doc/2 [status:201 duration:0.006s]
2025-06-23 15:55:37,307 - INFO - Ad 2 indexed successfully
2025-06-23 15:55:37,315 - INFO - PUT http://localhost:9200/real_estate_ads/_doc/3 [status:201 duration:0.008s]
2025-06-23 15:55:37,316 - INFO - Ad 3 indexed successfully
2025-06-23 15:55:37,324 - INFO - PUT http://localhost:9200/real_estate_ads/_doc/4 [status:201 duration:0.008s]
2025-06-23 15:55:37,324 - INFO - Ad 4 indexed successfully
2025-06-23 15:55:37,333 - INFO - PUT http://localhost:9200/real_estate_ads/_doc/5 [status:201 duration:0.009s]
2025-06-23 15:55:37,333 - INFO - Ad 5 indexed successfully
2025-06-23 15:55:37,342 - INFO - PUT http://localhost:9200/real_estate_ads/_doc/6 [status:201 duration:0.009s]
2025-06-23 15:55:37,343 - INFO - Ad 6 indexed successfully
2025-06-23 15:55:37,351 - INFO - PUT http://localhost:9200/real_estate_ads/_doc/7 [status:201 duration:0.008s]
2025-06-23 15:55:37,351 - INFO - Ad 7 indexed successfully
2025-06-23 15:55:37,361 - INFO - PUT http://localhost:9200/real_estate_ads/_doc/9 [status:201 duration:0.009s]
2025-06-23 15:55:37,361 - INFO - Ad 9 indexed successfully
2025-06-23 15:55:37,369 - INFO - PUT http://localhost:9200/real_estate_ads/_doc/8 [status:201 duration:0.008s]
2025-06-23 15:55:37,369 - INFO - Ad 8 indexed successfully
2025-06-23 15:55:37,379 - INFO - PUT http://localhost:9200/real_estate_ads/_doc/11 [status:201 duration:0.010s]
2025-06-23 15:55:37,379 - INFO - Ad 11 indexed successfully
2025-06-23 15:55:37,388 - INFO - PUT http://localhost:9200/real_estate_ads/_doc/13 [status:201 duration:0.009s]
2025-06-23 15:55:37,388 - INFO - Ad 13 indexed successfully
2025-06-23 15:55:37,397 - INFO - PUT http://localhost:9200/real_estate_ads/_doc/15 [status:201 duration:0.008s]
2025-06-23 15:55:37,397 - INFO - Ad 15 indexed successfully
2025-06-23 15:55:37,406 - INFO - PUT http://localhost:9200/real_estate_ads/_doc/17 [status:201 duration:0.009s]
2025-06-23 15:55:37,406 - INFO - Ad 17 indexed successfully
2025-06-23 15:55:37,415 - INFO - PUT http://localhost:9200/real_estate_ads/_doc/30 [status:201 duration:0.008s]
2025-06-23 15:55:37,415 - INFO - Ad 30 indexed successfully
2025-06-23 15:55:37,424 - INFO - PUT http://localhost:9200/real_estate_ads/_doc/10 [status:201 duration:0.009s]
2025-06-23 15:55:37,424 - INFO - Ad 10 indexed successfully
2025-06-23 15:55:37,433 - INFO - PUT http://localhost:9200/real_estate_ads/_doc/12 [status:201 duration:0.009s]
2025-06-23 15:55:37,433 - INFO - Ad 12 indexed successfully
2025-06-23 15:55:37,442 - INFO - PUT http://localhost:9200/real_estate_ads/_doc/14 [status:201 duration:0.009s]
2025-06-23 15:55:37,442 - INFO - Ad 14 indexed successfully
2025-06-23 15:55:37,451 - INFO - PUT http://localhost:9200/real_estate_ads/_doc/16 [status:201 duration:0.009s]
2025-06-23 15:55:37,451 - INFO - Ad 16 indexed successfully
2025-06-23 15:55:37,461 - INFO - PUT http://localhost:9200/real_estate_ads/_doc/18 [status:201 duration:0.009s]
2025-06-23 15:55:37,461 - INFO - Ad 18 indexed successfully
2025-06-23 15:55:37,469 - INFO - PUT http://localhost:9200/real_estate_ads/_doc/33 [status:201 duration:0.008s]
2025-06-23 15:55:37,469 - INFO - Ad 33 indexed successfully
2025-06-23 15:55:37,479 - INFO - PUT http://localhost:9200/real_estate_ads/_doc/19 [status:201 duration:0.009s]
2025-06-23 15:55:37,479 - INFO - Ad 19 indexed successfully
2025-06-23 15:55:37,487 - INFO - PUT http://localhost:9200/real_estate_ads/_doc/21 [status:201 duration:0.008s]
2025-06-23 15:55:37,487 - INFO - Ad 21 indexed successfully
2025-06-23 15:55:37,495 - INFO - PUT http://localhost:9200/real_estate_ads/_doc/23 [status:201 duration:0.008s]
2025-06-23 15:55:37,495 - INFO - Ad 23 indexed successfully
2025-06-23 15:55:37,504 - INFO - PUT http://localhost:9200/real_estate_ads/_doc/25 [status:201 duration:0.008s]
2025-06-23 15:55:37,504 - INFO - Ad 25 indexed successfully
2025-06-23 15:55:37,513 - INFO - PUT http://localhost:9200/real_estate_ads/_doc/27 [status:201 duration:0.009s]
2025-06-23 15:55:37,513 - INFO - Ad 27 indexed successfully
2025-06-23 15:55:37,522 - INFO - PUT http://localhost:9200/real_estate_ads/_doc/29 [status:201 duration:0.008s]
2025-06-23 15:55:37,522 - INFO - Ad 29 indexed successfully
2025-06-23 15:55:37,531 - INFO - PUT http://localhost:9200/real_estate_ads/_doc/31 [status:201 duration:0.009s]
2025-06-23 15:55:37,531 - INFO - Ad 31 indexed successfully
2025-06-23 15:55:37,540 - INFO - PUT http://localhost:9200/real_estate_ads/_doc/20 [status:201 duration:0.009s]
2025-06-23 15:55:37,540 - INFO - Ad 20 indexed successfully
2025-06-23 15:55:37,549 - INFO - PUT http://localhost:9200/real_estate_ads/_doc/22 [status:201 duration:0.008s]
2025-06-23 15:55:37,549 - INFO - Ad 22 indexed successfully
2025-06-23 15:55:37,558 - INFO - PUT http://localhost:9200/real_estate_ads/_doc/24 [status:201 duration:0.009s]
2025-06-23 15:55:37,558 - INFO - Ad 24 indexed successfully
2025-06-23 15:55:37,567 - INFO - PUT http://localhost:9200/real_estate_ads/_doc/26 [status:201 duration:0.008s]
2025-06-23 15:55:37,567 - INFO - Ad 26 indexed successfully
2025-06-23 15:55:37,576 - INFO - PUT http://localhost:9200/real_estate_ads/_doc/28 [status:201 duration:0.009s]
2025-06-23 15:55:37,576 - INFO - Ad 28 indexed successfully
2025-06-23 15:55:37,585 - INFO - PUT http://localhost:9200/real_estate_ads/_doc/94 [status:201 duration:0.008s]
2025-06-23 15:55:37,585 - INFO - Ad 94 indexed successfully
2025-06-23 15:55:37,595 - INFO - PUT http://localhost:9200/real_estate_ads/_doc/32 [status:201 duration:0.009s]
2025-06-23 15:55:37,595 - INFO - Ad 32 indexed successfully
2025-06-23 15:55:37,603 - INFO - PUT http://localhost:9200/real_estate_ads/_doc/34 [status:201 duration:0.008s]
2025-06-23 15:55:37,603 - INFO - Ad 34 indexed successfully
2025-06-23 15:55:37,613 - INFO - PUT http://localhost:9200/real_estate_ads/_doc/36 [status:201 duration:0.009s]
2025-06-23 15:55:37,613 - INFO - Ad 36 indexed successfully
2025-06-23 15:55:37,621 - INFO - PUT http://localhost:9200/real_estate_ads/_doc/38 [status:201 duration:0.008s]
2025-06-23 15:55:37,621 - INFO - Ad 38 indexed successfully
2025-06-23 15:55:37,630 - INFO - PUT http://localhost:9200/real_estate_ads/_doc/40 [status:201 duration:0.009s]
2025-06-23 15:55:37,630 - INFO - Ad 40 indexed successfully
2025-06-23 15:55:37,639 - INFO - PUT http://localhost:9200/real_estate_ads/_doc/35 [status:201 duration:0.009s]
2025-06-23 15:55:37,640 - INFO - Ad 35 indexed successfully
2025-06-23 15:55:37,648 - INFO - PUT http://localhost:9200/real_estate_ads/_doc/37 [status:201 duration:0.008s]
2025-06-23 15:55:37,648 - INFO - Ad 37 indexed successfully
2025-06-23 15:55:37,657 - INFO - PUT http://localhost:9200/real_estate_ads/_doc/39 [status:201 duration:0.009s]
2025-06-23 15:55:37,658 - INFO - Ad 39 indexed successfully
2025-06-23 15:55:37,666 - INFO - PUT http://localhost:9200/real_estate_ads/_doc/41 [status:201 duration:0.008s]
2025-06-23 15:55:37,666 - INFO - Ad 41 indexed successfully
2025-06-23 15:55:37,675 - INFO - PUT http://localhost:9200/real_estate_ads/_doc/43 [status:201 duration:0.009s]
2025-06-23 15:55:37,676 - INFO - Ad 43 indexed successfully
2025-06-23 15:55:37,684 - INFO - PUT http://localhost:9200/real_estate_ads/_doc/45 [status:201 duration:0.008s]
2025-06-23 15:55:37,684 - INFO - Ad 45 indexed successfully
2025-06-23 15:55:37,694 - INFO - PUT http://localhost:9200/real_estate_ads/_doc/120 [status:201 duration:0.009s]
2025-06-23 15:55:37,694 - INFO - Ad 120 indexed successfully
2025-06-23 15:55:37,702 - INFO - PUT http://localhost:9200/real_estate_ads/_doc/42 [status:201 duration:0.008s]
2025-06-23 15:55:37,702 - INFO - Ad 42 indexed successfully
2025-06-23 15:55:37,712 - INFO - PUT http://localhost:9200/real_estate_ads/_doc/44 [status:201 duration:0.009s]
2025-06-23 15:55:37,712 - INFO - Ad 44 indexed successfully
2025-06-23 15:55:37,720 - INFO - PUT http://localhost:9200/real_estate_ads/_doc/46 [status:201 duration:0.008s]
2025-06-23 15:55:37,720 - INFO - Ad 46 indexed successfully
2025-06-23 15:55:37,729 - INFO - PUT http://localhost:9200/real_estate_ads/_doc/48 [status:201 duration:0.009s]
2025-06-23 15:55:37,730 - INFO - Ad 48 indexed successfully
2025-06-23 15:55:37,738 - INFO - PUT http://localhost:9200/real_estate_ads/_doc/50 [status:201 duration:0.008s]
2025-06-23 15:55:37,739 - INFO - Ad 50 indexed successfully
2025-06-23 15:55:37,754 - INFO - PUT http://localhost:9200/real_estate_ads/_doc/52 [status:201 duration:0.015s]
2025-06-23 15:55:37,754 - INFO - Ad 52 indexed successfully
2025-06-23 15:55:37,762 - INFO - PUT http://localhost:9200/real_estate_ads/_doc/47 [status:201 duration:0.008s]
2025-06-23 15:55:37,762 - INFO - Ad 47 indexed successfully
2025-06-23 15:55:37,775 - INFO - PUT http://localhost:9200/real_estate_ads/_doc/49 [status:201 duration:0.012s]
2025-06-23 15:55:37,775 - INFO - Ad 49 indexed successfully
2025-06-23 15:55:37,785 - INFO - PUT http://localhost:9200/real_estate_ads/_doc/51 [status:201 duration:0.009s]
2025-06-23 15:55:37,785 - INFO - Ad 51 indexed successfully
2025-06-23 15:55:37,797 - INFO - PUT http://localhost:9200/real_estate_ads/_doc/53 [status:201 duration:0.012s]
2025-06-23 15:55:37,797 - INFO - Ad 53 indexed successfully
2025-06-23 15:55:37,809 - INFO - PUT http://localhost:9200/real_estate_ads/_doc/54 [status:201 duration:0.008s]
2025-06-23 15:55:37,810 - INFO - Ad 54 indexed successfully
2025-06-23 15:55:37,820 - INFO - PUT http://localhost:9200/real_estate_ads/_doc/55 [status:201 duration:0.010s]
2025-06-23 15:55:37,821 - INFO - Ad 55 indexed successfully
2025-06-23 15:55:37,833 - INFO - PUT http://localhost:9200/real_estate_ads/_doc/77 [status:201 duration:0.012s]
2025-06-23 15:55:37,834 - INFO - Ad 77 indexed successfully
2025-06-23 15:55:37,842 - INFO - PUT http://localhost:9200/real_estate_ads/_doc/56 [status:201 duration:0.008s]
2025-06-23 15:55:37,843 - INFO - Ad 56 indexed successfully
2025-06-23 15:55:37,851 - INFO - PUT http://localhost:9200/real_estate_ads/_doc/58 [status:201 duration:0.008s]
2025-06-23 15:55:37,852 - INFO - Ad 58 indexed successfully
2025-06-23 15:55:37,860 - INFO - PUT http://localhost:9200/real_estate_ads/_doc/60 [status:201 duration:0.009s]
2025-06-23 15:55:37,861 - INFO - Ad 60 indexed successfully
2025-06-23 15:55:37,869 - INFO - PUT http://localhost:9200/real_estate_ads/_doc/62 [status:201 duration:0.008s]
2025-06-23 15:55:37,870 - INFO - Ad 62 indexed successfully
2025-06-23 15:55:37,879 - INFO - PUT http://localhost:9200/real_estate_ads/_doc/64 [status:201 duration:0.009s]
2025-06-23 15:55:37,879 - INFO - Ad 64 indexed successfully
2025-06-23 15:55:37,887 - INFO - PUT http://localhost:9200/real_estate_ads/_doc/66 [status:201 duration:0.008s]
2025-06-23 15:55:37,887 - INFO - Ad 66 indexed successfully
2025-06-23 15:55:37,896 - INFO - PUT http://localhost:9200/real_estate_ads/_doc/92 [status:201 duration:0.009s]
2025-06-23 15:55:37,896 - INFO - Ad 92 indexed successfully
2025-06-23 15:55:37,905 - INFO - PUT http://localhost:9200/real_estate_ads/_doc/57 [status:201 duration:0.009s]
2025-06-23 15:55:37,905 - INFO - Ad 57 indexed successfully
2025-06-23 15:55:37,914 - INFO - PUT http://localhost:9200/real_estate_ads/_doc/59 [status:201 duration:0.009s]
2025-06-23 15:55:37,914 - INFO - Ad 59 indexed successfully
2025-06-23 15:55:37,924 - INFO - PUT http://localhost:9200/real_estate_ads/_doc/61 [status:201 duration:0.009s]
2025-06-23 15:55:37,924 - INFO - Ad 61 indexed successfully
2025-06-23 15:55:37,932 - INFO - PUT http://localhost:9200/real_estate_ads/_doc/63 [status:201 duration:0.008s]
2025-06-23 15:55:37,932 - INFO - Ad 63 indexed successfully
2025-06-23 15:55:37,948 - INFO - PUT http://localhost:9200/real_estate_ads/_doc/65 [status:201 duration:0.015s]
2025-06-23 15:55:37,948 - INFO - Ad 65 indexed successfully
2025-06-23 15:55:37,957 - INFO - PUT http://localhost:9200/real_estate_ads/_doc/93 [status:201 duration:0.009s]
2025-06-23 15:55:37,957 - INFO - Ad 93 indexed successfully
2025-06-23 15:55:37,965 - INFO - PUT http://localhost:9200/real_estate_ads/_doc/67 [status:201 duration:0.008s]
2025-06-23 15:55:37,965 - INFO - Ad 67 indexed successfully
2025-06-23 15:55:37,974 - INFO - PUT http://localhost:9200/real_estate_ads/_doc/69 [status:201 duration:0.009s]
2025-06-23 15:55:37,975 - INFO - Ad 69 indexed successfully
2025-06-23 15:55:37,983 - INFO - PUT http://localhost:9200/real_estate_ads/_doc/71 [status:201 duration:0.008s]
2025-06-23 15:55:37,983 - INFO - Ad 71 indexed successfully
2025-06-23 15:55:37,992 - INFO - PUT http://localhost:9200/real_estate_ads/_doc/73 [status:201 duration:0.009s]
2025-06-23 15:55:37,993 - INFO - Ad 73 indexed successfully
2025-06-23 15:55:38,001 - INFO - PUT http://localhost:9200/real_estate_ads/_doc/75 [status:201 duration:0.008s]
2025-06-23 15:55:38,001 - INFO - Ad 75 indexed successfully
2025-06-23 15:55:38,012 - INFO - PUT http://localhost:9200/real_estate_ads/_doc/68 [status:201 duration:0.010s]
2025-06-23 15:55:38,012 - INFO - Ad 68 indexed successfully
2025-06-23 15:55:38,022 - INFO - PUT http://localhost:9200/real_estate_ads/_doc/70 [status:201 duration:0.010s]
2025-06-23 15:55:38,022 - INFO - Ad 70 indexed successfully
2025-06-23 15:55:38,031 - INFO - PUT http://localhost:9200/real_estate_ads/_doc/72 [status:201 duration:0.009s]
2025-06-23 15:55:38,031 - INFO - Ad 72 indexed successfully
2025-06-23 15:55:38,040 - INFO - PUT http://localhost:9200/real_estate_ads/_doc/74 [status:201 duration:0.009s]
2025-06-23 15:55:38,040 - INFO - Ad 74 indexed successfully
2025-06-23 15:55:38,049 - INFO - PUT http://localhost:9200/real_estate_ads/_doc/76 [status:201 duration:0.008s]
2025-06-23 15:55:38,049 - INFO - Ad 76 indexed successfully
2025-06-23 15:55:38,058 - INFO - PUT http://localhost:9200/real_estate_ads/_doc/78 [status:201 duration:0.009s]
2025-06-23 15:55:38,058 - INFO - Ad 78 indexed successfully
2025-06-23 15:55:38,067 - INFO - PUT http://localhost:9200/real_estate_ads/_doc/79 [status:201 duration:0.008s]
2025-06-23 15:55:38,067 - INFO - Ad 79 indexed successfully
2025-06-23 15:55:38,080 - INFO - PUT http://localhost:9200/real_estate_ads/_doc/81 [status:201 duration:0.013s]
2025-06-23 15:55:38,080 - INFO - Ad 81 indexed successfully
2025-06-23 15:55:38,089 - INFO - PUT http://localhost:9200/real_estate_ads/_doc/83 [status:201 duration:0.009s]
2025-06-23 15:55:38,090 - INFO - Ad 83 indexed successfully
2025-06-23 15:55:38,098 - INFO - PUT http://localhost:9200/real_estate_ads/_doc/85 [status:201 duration:0.008s]
2025-06-23 15:55:38,098 - INFO - Ad 85 indexed successfully
2025-06-23 15:55:38,107 - INFO - PUT http://localhost:9200/real_estate_ads/_doc/87 [status:201 duration:0.009s]
2025-06-23 15:55:38,108 - INFO - Ad 87 indexed successfully
2025-06-23 15:55:38,116 - INFO - PUT http://localhost:9200/real_estate_ads/_doc/89 [status:201 duration:0.008s]
2025-06-23 15:55:38,116 - INFO - Ad 89 indexed successfully
2025-06-23 15:55:38,125 - INFO - PUT http://localhost:9200/real_estate_ads/_doc/91 [status:201 duration:0.009s]
2025-06-23 15:55:38,126 - INFO - Ad 91 indexed successfully
2025-06-23 15:55:38,134 - INFO - PUT http://localhost:9200/real_estate_ads/_doc/80 [status:201 duration:0.009s]
2025-06-23 15:55:38,135 - INFO - Ad 80 indexed successfully
2025-06-23 15:55:38,144 - INFO - PUT http://localhost:9200/real_estate_ads/_doc/82 [status:201 duration:0.009s]
2025-06-23 15:55:38,144 - INFO - Ad 82 indexed successfully
2025-06-23 15:55:38,152 - INFO - PUT http://localhost:9200/real_estate_ads/_doc/84 [status:201 duration:0.008s]
2025-06-23 15:55:38,153 - INFO - Ad 84 indexed successfully
2025-06-23 15:55:38,162 - INFO - PUT http://localhost:9200/real_estate_ads/_doc/86 [status:201 duration:0.009s]
2025-06-23 15:55:38,162 - INFO - Ad 86 indexed successfully
2025-06-23 15:55:38,170 - INFO - PUT http://localhost:9200/real_estate_ads/_doc/88 [status:201 duration:0.008s]
2025-06-23 15:55:38,170 - INFO - Ad 88 indexed successfully
2025-06-23 15:55:38,180 - INFO - PUT http://localhost:9200/real_estate_ads/_doc/90 [status:201 duration:0.009s]
2025-06-23 15:55:38,180 - INFO - Ad 90 indexed successfully
2025-06-23 15:55:38,188 - INFO - PUT http://localhost:9200/real_estate_ads/_doc/95 [status:201 duration:0.008s]
2025-06-23 15:55:38,189 - INFO - Ad 95 indexed successfully
2025-06-23 15:55:38,198 - INFO - PUT http://localhost:9200/real_estate_ads/_doc/97 [status:201 duration:0.009s]
2025-06-23 15:55:38,198 - INFO - Ad 97 indexed successfully
2025-06-23 15:55:38,207 - INFO - PUT http://localhost:9200/real_estate_ads/_doc/99 [status:201 duration:0.009s]
2025-06-23 15:55:38,207 - INFO - Ad 99 indexed successfully
2025-06-23 15:55:38,215 - INFO - PUT http://localhost:9200/real_estate_ads/_doc/101 [status:201 duration:0.008s]
2025-06-23 15:55:38,216 - INFO - Ad 101 indexed successfully
2025-06-23 15:55:38,227 - INFO - PUT http://localhost:9200/real_estate_ads/_doc/103 [status:201 duration:0.011s]
2025-06-23 15:55:38,227 - INFO - Ad 103 indexed successfully
2025-06-23 15:55:38,237 - INFO - PUT http://localhost:9200/real_estate_ads/_doc/105 [status:201 duration:0.009s]
2025-06-23 15:55:38,237 - INFO - Ad 105 indexed successfully
2025-06-23 15:55:38,247 - INFO - PUT http://localhost:9200/real_estate_ads/_doc/96 [status:201 duration:0.010s]
2025-06-23 15:55:38,247 - INFO - Ad 96 indexed successfully
2025-06-23 15:55:38,256 - INFO - PUT http://localhost:9200/real_estate_ads/_doc/98 [status:201 duration:0.009s]
2025-06-23 15:55:38,257 - INFO - Ad 98 indexed successfully
2025-06-23 15:55:38,265 - INFO - PUT http://localhost:9200/real_estate_ads/_doc/100 [status:201 duration:0.008s]
2025-06-23 15:55:38,266 - INFO - Ad 100 indexed successfully
2025-06-23 15:55:38,275 - INFO - PUT http://localhost:9200/real_estate_ads/_doc/102 [status:201 duration:0.009s]
2025-06-23 15:55:38,275 - INFO - Ad 102 indexed successfully
2025-06-23 15:55:38,283 - INFO - PUT http://localhost:9200/real_estate_ads/_doc/104 [status:201 duration:0.008s]
2025-06-23 15:55:38,284 - INFO - Ad 104 indexed successfully
2025-06-23 15:55:38,293 - INFO - PUT http://localhost:9200/real_estate_ads/_doc/106 [status:201 duration:0.009s]
2025-06-23 15:55:38,293 - INFO - Ad 106 indexed successfully
2025-06-23 15:55:38,301 - INFO - PUT http://localhost:9200/real_estate_ads/_doc/107 [status:201 duration:0.008s]
2025-06-23 15:55:38,302 - INFO - Ad 107 indexed successfully
2025-06-23 15:55:38,311 - INFO - PUT http://localhost:9200/real_estate_ads/_doc/109 [status:201 duration:0.009s]
2025-06-23 15:55:38,311 - INFO - Ad 109 indexed successfully
2025-06-23 15:55:38,319 - INFO - PUT http://localhost:9200/real_estate_ads/_doc/111 [status:201 duration:0.008s]
2025-06-23 15:55:38,320 - INFO - Ad 111 indexed successfully
2025-06-23 15:55:38,329 - INFO - PUT http://localhost:9200/real_estate_ads/_doc/113 [status:201 duration:0.009s]
2025-06-23 15:55:38,329 - INFO - Ad 113 indexed successfully
2025-06-23 15:55:38,337 - INFO - PUT http://localhost:9200/real_estate_ads/_doc/115 [status:201 duration:0.008s]
2025-06-23 15:55:38,338 - INFO - Ad 115 indexed successfully
2025-06-23 15:55:38,347 - INFO - PUT http://localhost:9200/real_estate_ads/_doc/128 [status:201 duration:0.009s]
2025-06-23 15:55:38,347 - INFO - Ad 128 indexed successfully
2025-06-23 15:55:38,355 - INFO - PUT http://localhost:9200/real_estate_ads/_doc/108 [status:201 duration:0.008s]
2025-06-23 15:55:38,355 - INFO - Ad 108 indexed successfully
2025-06-23 15:55:38,364 - INFO - PUT http://localhost:9200/real_estate_ads/_doc/110 [status:201 duration:0.009s]
2025-06-23 15:55:38,365 - INFO - Ad 110 indexed successfully
2025-06-23 15:55:38,374 - INFO - PUT http://localhost:9200/real_estate_ads/_doc/112 [status:201 duration:0.009s]
2025-06-23 15:55:38,374 - INFO - Ad 112 indexed successfully
2025-06-23 15:55:38,382 - INFO - PUT http://localhost:9200/real_estate_ads/_doc/114 [status:201 duration:0.008s]
2025-06-23 15:55:38,383 - INFO - Ad 114 indexed successfully
2025-06-23 15:55:38,392 - INFO - PUT http://localhost:9200/real_estate_ads/_doc/116 [status:201 duration:0.009s]
2025-06-23 15:55:38,392 - INFO - Ad 116 indexed successfully
2025-06-23 15:55:38,401 - INFO - PUT http://localhost:9200/real_estate_ads/_doc/118 [status:201 duration:0.008s]
2025-06-23 15:55:38,401 - INFO - Ad 118 indexed successfully
2025-06-23 15:55:38,410 - INFO - PUT http://localhost:9200/real_estate_ads/_doc/117 [status:201 duration:0.009s]
2025-06-23 15:55:38,410 - INFO - Ad 117 indexed successfully
2025-06-23 15:55:38,419 - INFO - PUT http://localhost:9200/real_estate_ads/_doc/119 [status:201 duration:0.009s]
2025-06-23 15:55:38,420 - INFO - Ad 119 indexed successfully
2025-06-23 15:55:38,429 - INFO - PUT http://localhost:9200/real_estate_ads/_doc/121 [status:201 duration:0.009s]
2025-06-23 15:55:38,429 - INFO - Ad 121 indexed successfully
2025-06-23 15:55:38,437 - INFO - PUT http://localhost:9200/real_estate_ads/_doc/122 [status:201 duration:0.008s]
2025-06-23 15:55:38,438 - INFO - Ad 122 indexed successfully
2025-06-23 15:55:38,447 - INFO - PUT http://localhost:9200/real_estate_ads/_doc/123 [status:201 duration:0.009s]
2025-06-23 15:55:38,447 - INFO - Ad 123 indexed successfully
2025-06-23 15:55:38,455 - INFO - PUT http://localhost:9200/real_estate_ads/_doc/124 [status:201 duration:0.008s]
2025-06-23 15:55:38,456 - INFO - Ad 124 indexed successfully
2025-06-23 15:55:38,464 - INFO - PUT http://localhost:9200/real_estate_ads/_doc/125 [status:201 duration:0.009s]
2025-06-23 15:55:38,465 - INFO - Ad 125 indexed successfully
2025-06-23 15:55:38,474 - INFO - PUT http://localhost:9200/real_estate_ads/_doc/126 [status:201 duration:0.009s]
2025-06-23 15:55:38,474 - INFO - Ad 126 indexed successfully
2025-06-23 15:55:38,482 - INFO - PUT http://localhost:9200/real_estate_ads/_doc/127 [status:201 duration:0.008s]
2025-06-23 15:55:38,483 - INFO - Ad 127 indexed successfully
2025-06-23 15:55:38,491 - INFO - PUT http://localhost:9200/real_estate_ads/_doc/129 [status:201 duration:0.009s]
2025-06-23 15:55:38,492 - INFO - Ad 129 indexed successfully
2025-06-23 15:55:38,500 - INFO - PUT http://localhost:9200/real_estate_ads/_doc/131 [status:201 duration:0.008s]
2025-06-23 15:55:38,501 - INFO - Ad 131 indexed successfully
2025-06-23 15:55:38,509 - INFO - PUT http://localhost:9200/real_estate_ads/_doc/133 [status:201 duration:0.008s]
2025-06-23 15:55:38,510 - INFO - Ad 133 indexed successfully
2025-06-23 15:55:38,518 - INFO - PUT http://localhost:9200/real_estate_ads/_doc/135 [status:201 duration:0.009s]
2025-06-23 15:55:38,519 - INFO - Ad 135 indexed successfully
2025-06-23 15:55:38,528 - INFO - PUT http://localhost:9200/real_estate_ads/_doc/137 [status:201 duration:0.009s]
2025-06-23 15:55:38,528 - INFO - Ad 137 indexed successfully
2025-06-23 15:55:38,536 - INFO - PUT http://localhost:9200/real_estate_ads/_doc/139 [status:201 duration:0.008s]
2025-06-23 15:55:38,536 - INFO - Ad 139 indexed successfully
2025-06-23 15:55:38,546 - INFO - PUT http://localhost:9200/real_estate_ads/_doc/141 [status:201 duration:0.009s]
2025-06-23 15:55:38,546 - INFO - Ad 141 indexed successfully
2025-06-23 15:55:38,554 - INFO - PUT http://localhost:9200/real_estate_ads/_doc/130 [status:201 duration:0.009s]
2025-06-23 15:55:38,555 - INFO - Ad 130 indexed successfully
2025-06-23 15:55:38,563 - INFO - PUT http://localhost:9200/real_estate_ads/_doc/132 [status:201 duration:0.009s]
2025-06-23 15:55:38,564 - INFO - Ad 132 indexed successfully
2025-06-23 15:55:38,573 - INFO - PUT http://localhost:9200/real_estate_ads/_doc/134 [status:201 duration:0.009s]
2025-06-23 15:55:38,573 - INFO - Ad 134 indexed successfully
2025-06-23 15:55:38,581 - INFO - PUT http://localhost:9200/real_estate_ads/_doc/136 [status:201 duration:0.007s]
2025-06-23 15:55:38,581 - INFO - Ad 136 indexed successfully
2025-06-23 15:55:38,589 - INFO - PUT http://localhost:9200/real_estate_ads/_doc/138 [status:201 duration:0.008s]
2025-06-23 15:55:38,590 - INFO - Ad 138 indexed successfully
2025-06-23 15:55:38,598 - INFO - PUT http://localhost:9200/real_estate_ads/_doc/140 [status:201 duration:0.008s]
2025-06-23 15:55:38,598 - INFO - Ad 140 indexed successfully
2025-06-23 15:55:38,607 - INFO - PUT http://localhost:9200/real_estate_ads/_doc/150 [status:201 duration:0.009s]
2025-06-23 15:55:38,608 - INFO - Ad 150 indexed successfully
2025-06-23 15:55:38,616 - INFO - PUT http://localhost:9200/real_estate_ads/_doc/142 [status:201 duration:0.008s]
2025-06-23 15:55:38,616 - INFO - Ad 142 indexed successfully
2025-06-23 15:55:38,625 - INFO - PUT http://localhost:9200/real_estate_ads/_doc/144 [status:201 duration:0.009s]
2025-06-23 15:55:38,626 - INFO - Ad 144 indexed successfully
2025-06-23 15:55:38,634 - INFO - PUT http://localhost:9200/real_estate_ads/_doc/146 [status:201 duration:0.008s]
2025-06-23 15:55:38,634 - INFO - Ad 146 indexed successfully
2025-06-23 15:55:38,643 - INFO - PUT http://localhost:9200/real_estate_ads/_doc/148 [status:201 duration:0.009s]
2025-06-23 15:55:38,643 - INFO - Ad 148 indexed successfully
2025-06-23 15:55:38,652 - INFO - PUT http://localhost:9200/real_estate_ads/_doc/157 [status:201 duration:0.008s]
2025-06-23 15:55:38,652 - INFO - Ad 157 indexed successfully
2025-06-23 15:55:38,661 - INFO - PUT http://localhost:9200/real_estate_ads/_doc/143 [status:201 duration:0.009s]
2025-06-23 15:55:38,661 - INFO - Ad 143 indexed successfully
2025-06-23 15:55:38,670 - INFO - PUT http://localhost:9200/real_estate_ads/_doc/145 [status:201 duration:0.009s]
2025-06-23 15:55:38,670 - INFO - Ad 145 indexed successfully
2025-06-23 15:55:38,679 - INFO - PUT http://localhost:9200/real_estate_ads/_doc/147 [status:201 duration:0.009s]
2025-06-23 15:55:38,680 - INFO - Ad 147 indexed successfully
2025-06-23 15:55:38,688 - INFO - PUT http://localhost:9200/real_estate_ads/_doc/149 [status:201 duration:0.008s]
2025-06-23 15:55:38,688 - INFO - Ad 149 indexed successfully
2025-06-23 15:55:38,697 - INFO - PUT http://localhost:9200/real_estate_ads/_doc/151 [status:201 duration:0.009s]
2025-06-23 15:55:38,697 - INFO - Ad 151 indexed successfully
2025-06-23 15:55:38,706 - INFO - PUT http://localhost:9200/real_estate_ads/_doc/153 [status:201 duration:0.009s]
2025-06-23 15:55:38,706 - INFO - Ad 153 indexed successfully
2025-06-23 15:55:38,715 - INFO - PUT http://localhost:9200/real_estate_ads/_doc/155 [status:201 duration:0.009s]
2025-06-23 15:55:38,715 - INFO - Ad 155 indexed successfully
2025-06-23 15:55:38,725 - INFO - PUT http://localhost:9200/real_estate_ads/_doc/152 [status:201 duration:0.009s]
2025-06-23 15:55:38,725 - INFO - Ad 152 indexed successfully
2025-06-23 15:55:38,733 - INFO - PUT http://localhost:9200/real_estate_ads/_doc/154 [status:201 duration:0.008s]
2025-06-23 15:55:38,733 - INFO - Ad 154 indexed successfully
2025-06-23 15:55:38,742 - INFO - PUT http://localhost:9200/real_estate_ads/_doc/156 [status:201 duration:0.009s]
2025-06-23 15:55:38,743 - INFO - Ad 156 indexed successfully
2025-06-23 15:55:38,751 - INFO - PUT http://localhost:9200/real_estate_ads/_doc/158 [status:201 duration:0.008s]
2025-06-23 15:55:38,751 - INFO - Ad 158 indexed successfully
2025-06-23 15:55:38,760 - INFO - PUT http://localhost:9200/real_estate_ads/_doc/160 [status:201 duration:0.009s]
2025-06-23 15:55:38,760 - INFO - Ad 160 indexed successfully
2025-06-23 15:55:38,769 - INFO - PUT http://localhost:9200/real_estate_ads/_doc/162 [status:201 duration:0.008s]
2025-06-23 15:55:38,769 - INFO - Ad 162 indexed successfully
2025-06-23 15:55:38,778 - INFO - PUT http://localhost:9200/real_estate_ads/_doc/164 [status:201 duration:0.009s]
2025-06-23 15:55:38,779 - INFO - Ad 164 indexed successfully
2025-06-23 15:55:38,787 - INFO - PUT http://localhost:9200/real_estate_ads/_doc/171 [status:201 duration:0.008s]
2025-06-23 15:55:38,787 - INFO - Ad 171 indexed successfully
2025-06-23 15:55:38,796 - INFO - PUT http://localhost:9200/real_estate_ads/_doc/159 [status:201 duration:0.009s]
2025-06-23 15:55:38,797 - INFO - Ad 159 indexed successfully
2025-06-23 15:55:38,805 - INFO - PUT http://localhost:9200/real_estate_ads/_doc/161 [status:201 duration:0.008s]
2025-06-23 15:55:38,805 - INFO - Ad 161 indexed successfully
2025-06-23 15:55:38,814 - INFO - PUT http://localhost:9200/real_estate_ads/_doc/163 [status:201 duration:0.009s]
2025-06-23 15:55:38,814 - INFO - Ad 163 indexed successfully
2025-06-23 15:55:38,826 - INFO - PUT http://localhost:9200/real_estate_ads/_doc/165 [status:201 duration:0.011s]
2025-06-23 15:55:38,829 - INFO - Ad 165 indexed successfully
2025-06-23 15:55:38,837 - INFO - PUT http://localhost:9200/real_estate_ads/_doc/167 [status:201 duration:0.008s]
2025-06-23 15:55:38,838 - INFO - Ad 167 indexed successfully
2025-06-23 15:55:38,852 - INFO - PUT http://localhost:9200/real_estate_ads/_doc/169 [status:201 duration:0.014s]
2025-06-23 15:55:38,852 - INFO - Ad 169 indexed successfully
2025-06-23 15:55:38,861 - INFO - PUT http://localhost:9200/real_estate_ads/_doc/166 [status:201 duration:0.009s]
2025-06-23 15:55:38,861 - INFO - Ad 166 indexed successfully
2025-06-23 15:55:38,876 - INFO - PUT http://localhost:9200/real_estate_ads/_doc/168 [status:201 duration:0.014s]
2025-06-23 15:55:38,876 - INFO - Ad 168 indexed successfully
2025-06-23 15:55:38,890 - INFO - PUT http://localhost:9200/real_estate_ads/_doc/170 [status:201 duration:0.014s]
2025-06-23 15:55:38,892 - INFO - Ad 170 indexed successfully
2025-06-23 15:55:38,900 - INFO - PUT http://localhost:9200/real_estate_ads/_doc/172 [status:201 duration:0.008s]
2025-06-23 15:55:38,901 - INFO - Ad 172 indexed successfully
2025-06-23 15:55:38,909 - INFO - PUT http://localhost:9200/real_estate_ads/_doc/184 [status:201 duration:0.009s]
2025-06-23 15:55:38,910 - INFO - Ad 184 indexed successfully
2025-06-23 15:55:38,920 - INFO - PUT http://localhost:9200/real_estate_ads/_doc/173 [status:201 duration:0.010s]
2025-06-23 15:55:38,920 - INFO - Ad 173 indexed successfully
2025-06-23 15:55:38,930 - INFO - PUT http://localhost:9200/real_estate_ads/_doc/175 [status:201 duration:0.009s]
2025-06-23 15:55:38,930 - INFO - Ad 175 indexed successfully
2025-06-23 15:55:38,938 - INFO - PUT http://localhost:9200/real_estate_ads/_doc/177 [status:201 duration:0.008s]
2025-06-23 15:55:38,938 - INFO - Ad 177 indexed successfully
2025-06-23 15:55:38,947 - INFO - PUT http://localhost:9200/real_estate_ads/_doc/179 [status:201 duration:0.009s]
2025-06-23 15:55:38,947 - INFO - Ad 179 indexed successfully
2025-06-23 15:55:38,956 - INFO - PUT http://localhost:9200/real_estate_ads/_doc/181 [status:201 duration:0.009s]
2025-06-23 15:55:38,957 - INFO - Ad 181 indexed successfully
2025-06-23 15:55:38,965 - INFO - PUT http://localhost:9200/real_estate_ads/_doc/183 [status:201 duration:0.008s]
2025-06-23 15:55:38,965 - INFO - Ad 183 indexed successfully
2025-06-23 15:55:38,974 - INFO - PUT http://localhost:9200/real_estate_ads/_doc/174 [status:201 duration:0.009s]
2025-06-23 15:55:38,975 - INFO - Ad 174 indexed successfully
2025-06-23 15:55:38,983 - INFO - PUT http://localhost:9200/real_estate_ads/_doc/176 [status:201 duration:0.008s]
2025-06-23 15:55:38,983 - INFO - Ad 176 indexed successfully
2025-06-23 15:55:38,992 - INFO - PUT http://localhost:9200/real_estate_ads/_doc/178 [status:201 duration:0.009s]
2025-06-23 15:55:38,993 - INFO - Ad 178 indexed successfully
2025-06-23 15:55:39,001 - INFO - PUT http://localhost:9200/real_estate_ads/_doc/180 [status:201 duration:0.008s]
2025-06-23 15:55:39,002 - INFO - Ad 180 indexed successfully
2025-06-23 15:55:39,011 - INFO - PUT http://localhost:9200/real_estate_ads/_doc/182 [status:201 duration:0.009s]
2025-06-23 15:55:39,011 - INFO - Ad 182 indexed successfully
2025-06-23 15:55:39,019 - INFO - PUT http://localhost:9200/real_estate_ads/_doc/185 [status:201 duration:0.008s]
2025-06-23 15:55:39,019 - INFO - Ad 185 indexed successfully
2025-06-23 15:55:39,028 - INFO - PUT http://localhost:9200/real_estate_ads/_doc/187 [status:201 duration:0.008s]
2025-06-23 15:55:39,028 - INFO - Ad 187 indexed successfully
2025-06-23 15:55:39,037 - INFO - PUT http://localhost:9200/real_estate_ads/_doc/189 [status:201 duration:0.008s]
2025-06-23 15:55:39,037 - INFO - Ad 189 indexed successfully
2025-06-23 15:55:39,046 - INFO - PUT http://localhost:9200/real_estate_ads/_doc/186 [status:201 duration:0.009s]
2025-06-23 15:55:39,046 - INFO - Ad 186 indexed successfully
2025-06-23 15:55:39,055 - INFO - PUT http://localhost:9200/real_estate_ads/_doc/188 [status:201 duration:0.009s]
2025-06-23 15:55:39,055 - INFO - Ad 188 indexed successfully
2025-06-23 15:55:39,064 - INFO - PUT http://localhost:9200/real_estate_ads/_doc/190 [status:201 duration:0.008s]
2025-06-23 15:55:39,064 - INFO - Ad 190 indexed successfully
2025-06-23 15:55:39,064 - INFO - Successfully reindexed 190 out of 190 ads
2025-06-23 15:55:39,064 - INFO - ✅ Reindexing completed successfully in 2.11 seconds!
2025-06-23 15:55:39,067 - INFO - GET http://localhost:9200/real_estate_ads/_stats [status:200 duration:0.003s]
2025-06-23 15:55:39,068 - INFO - 📊 Index stats: {'docs': {'count': 93, 'deleted': 0}, 'shard_stats': {'total_count': 1}, 'store': {'size_in_bytes': 311836, 'total_data_set_size_in_bytes': 311836, 'reserved_in_bytes': 0}, 'indexing': {'index_total': 190, 'index_time_in_millis': 128, 'index_current': 0, 'index_failed': 0, 'delete_total': 0, 'delete_time_in_millis': 0, 'delete_current': 0, 'noop_update_total': 0, 'is_throttled': False, 'throttle_time_in_millis': 0, 'write_load': 0.07228316168368677}, 'get': {'total': 0, 'time_in_millis': 0, 'exists_total': 0, 'exists_time_in_millis': 0, 'missing_total': 0, 'missing_time_in_millis': 0, 'current': 0}, 'search': {'open_contexts': 0, 'query_total': 0, 'query_time_in_millis': 0, 'query_current': 0, 'fetch_total': 0, 'fetch_time_in_millis': 0, 'fetch_current': 0, 'scroll_total': 0, 'scroll_time_in_millis': 0, 'scroll_current': 0, 'suggest_total': 0, 'suggest_time_in_millis': 0, 'suggest_current': 0}, 'merges': {'current': 0, 'current_docs': 0, 'current_size_in_bytes': 0, 'total': 0, 'total_time_in_millis': 0, 'total_docs': 0, 'total_size_in_bytes': 0, 'total_stopped_time_in_millis': 0, 'total_throttled_time_in_millis': 0, 'total_auto_throttle_in_bytes': 20971520}, 'refresh': {'total': 3, 'total_time_in_millis': 48, 'external_total': 3, 'external_total_time_in_millis': 49, 'listeners': 0}, 'flush': {'total': 0, 'periodic': 0, 'total_time_in_millis': 0}, 'warmer': {'current': 0, 'total': 2, 'total_time_in_millis': 0}, 'query_cache': {'memory_size_in_bytes': 0, 'total_count': 0, 'hit_count': 0, 'miss_count': 0, 'cache_size': 0, 'cache_count': 0, 'evictions': 0}, 'fielddata': {'memory_size_in_bytes': 0, 'evictions': 0, 'global_ordinals': {'build_time_in_millis': 0}}, 'completion': {'size_in_bytes': 1046}, 'segments': {'count': 1, 'memory_in_bytes': 0, 'terms_memory_in_bytes': 0, 'stored_fields_memory_in_bytes': 0, 'term_vectors_memory_in_bytes': 0, 'norms_memory_in_bytes': 0, 'points_memory_in_bytes': 0, 'doc_values_memory_in_bytes': 0, 'index_writer_memory_in_bytes': 626708, 'version_map_memory_in_bytes': 11439, 'fixed_bit_set_memory_in_bytes': 0, 'max_unsafe_auto_id_timestamp': -1, 'file_sizes': {}}, 'translog': {'operations': 190, 'size_in_bytes': 522860, 'uncommitted_operations': 190, 'uncommitted_size_in_bytes': 522860, 'earliest_last_modified_age': 9}, 'request_cache': {'memory_size_in_bytes': 0, 'evictions': 0, 'hit_count': 0, 'miss_count': 0}, 'recovery': {'current_as_source': 0, 'current_as_target': 0, 'throttle_time_in_millis': 0}, 'bulk': {'total_operations': 190, 'total_time_in_millis': 130, 'total_size_in_bytes': 513603, 'avg_time_in_millis': 0, 'avg_size_in_bytes': 2804}, 'dense_vector': {'value_count': 0}}
2025-06-23 15:55:39,068 - INFO - 🎉 Reindexing process completed!
2025-06-23 15:55:39,069 - INFO - 🧪 Testing search functionality...
2025-06-23 15:55:39,070 - INFO - Elasticsearch client initialized with hosts: ['http://localhost:9200']
2025-06-23 15:55:39,074 - INFO - POST http://localhost:9200/real_estate_ads/_search [status:200 duration:0.004s]
2025-06-23 15:55:39,074 - INFO - ✅ Search test 1 - Found 93 total ads
2025-06-23 15:55:39,111 - INFO - POST http://localhost:9200/real_estate_ads/_search [status:200 duration:0.036s]
2025-06-23 15:55:39,112 - INFO - ✅ Search test 2 - Found 3 ads with filters
2025-06-23 15:55:39,117 - INFO - POST http://localhost:9200/real_estate_ads/_search [status:200 duration:0.004s]
2025-06-23 15:55:39,118 - INFO - ✅ Aggregations test - Got 3 aggregation types
2025-06-23 15:55:39,132 - INFO - POST http://localhost:9200/real_estate_ads/_search [status:200 duration:0.014s]
2025-06-23 15:55:39,132 - INFO - ✅ Suggestions test - Got 1 suggestions
2025-06-23 15:55:39,132 - INFO - 🎉 All search tests passed!
